d:\cpp\simpsons\game\libs\pure3d\build\win32\obj\libpng\debug\libpng.pdb
d:\cpp\simpsons\game\libs\pure3d\build\win32\obj\libpng\debug\pngwutil.obj
d:\cpp\simpsons\game\libs\pure3d\build\win32\obj\libpng\debug\pngwtran.obj
d:\cpp\simpsons\game\libs\pure3d\build\win32\obj\libpng\debug\pngwrite.obj
d:\cpp\simpsons\game\libs\pure3d\build\win32\obj\libpng\debug\pngwio.obj
d:\cpp\simpsons\game\libs\pure3d\build\win32\obj\libpng\debug\pngtrans.obj
d:\cpp\simpsons\game\libs\pure3d\build\win32\obj\libpng\debug\pngset.obj
d:\cpp\simpsons\game\libs\pure3d\build\win32\obj\libpng\debug\pngrutil.obj
d:\cpp\simpsons\game\libs\pure3d\build\win32\obj\libpng\debug\pngrtran.obj
d:\cpp\simpsons\game\libs\pure3d\build\win32\obj\libpng\debug\pngrio.obj
d:\cpp\simpsons\game\libs\pure3d\build\win32\obj\libpng\debug\pngread.obj
d:\cpp\simpsons\game\libs\pure3d\build\win32\obj\libpng\debug\pngpread.obj
d:\cpp\simpsons\game\libs\pure3d\build\win32\obj\libpng\debug\pngmem.obj
d:\cpp\simpsons\game\libs\pure3d\build\win32\obj\libpng\debug\pngget.obj
d:\cpp\simpsons\game\libs\pure3d\build\win32\obj\libpng\debug\pngerror.obj
d:\cpp\simpsons\game\libs\pure3d\build\win32\obj\libpng\debug\png.obj
d:\cpp\simpsons\game\libs\pure3d\build\lib\pngwd.lib
d:\cpp\simpsons\game\libs\pure3d\build\win32\obj\libpng\debug\libpng.tlog\cl.command.1.tlog
d:\cpp\simpsons\game\libs\pure3d\build\win32\obj\libpng\debug\libpng.tlog\cl.items.tlog
d:\cpp\simpsons\game\libs\pure3d\build\win32\obj\libpng\debug\libpng.tlog\cl.read.1.tlog
d:\cpp\simpsons\game\libs\pure3d\build\win32\obj\libpng\debug\libpng.tlog\cl.write.1.tlog
d:\cpp\simpsons\game\libs\pure3d\build\win32\obj\libpng\debug\libpng.tlog\lib-link.read.1.tlog
d:\cpp\simpsons\game\libs\pure3d\build\win32\obj\libpng\debug\libpng.tlog\lib-link.write.1.tlog
d:\cpp\simpsons\game\libs\pure3d\build\win32\obj\libpng\debug\libpng.tlog\lib.command.1.tlog
