d:\cpp\simpsons\game\libs\pure3d\build\win32\obj\zlib\debug\zlib.pdb
d:\cpp\simpsons\game\libs\pure3d\build\win32\obj\zlib\debug\zutil.obj
d:\cpp\simpsons\game\libs\pure3d\build\win32\obj\zlib\debug\uncompr.obj
d:\cpp\simpsons\game\libs\pure3d\build\win32\obj\zlib\debug\trees.obj
d:\cpp\simpsons\game\libs\pure3d\build\win32\obj\zlib\debug\infutil.obj
d:\cpp\simpsons\game\libs\pure3d\build\win32\obj\zlib\debug\inftrees.obj
d:\cpp\simpsons\game\libs\pure3d\build\win32\obj\zlib\debug\inflate.obj
d:\cpp\simpsons\game\libs\pure3d\build\win32\obj\zlib\debug\inffast.obj
d:\cpp\simpsons\game\libs\pure3d\build\win32\obj\zlib\debug\infcodes.obj
d:\cpp\simpsons\game\libs\pure3d\build\win32\obj\zlib\debug\infblock.obj
d:\cpp\simpsons\game\libs\pure3d\build\win32\obj\zlib\debug\gzio.obj
d:\cpp\simpsons\game\libs\pure3d\build\win32\obj\zlib\debug\deflate.obj
d:\cpp\simpsons\game\libs\pure3d\build\win32\obj\zlib\debug\crc32.obj
d:\cpp\simpsons\game\libs\pure3d\build\win32\obj\zlib\debug\compress.obj
d:\cpp\simpsons\game\libs\pure3d\build\win32\obj\zlib\debug\adler32.obj
d:\cpp\simpsons\game\libs\pure3d\build\lib\zlibwd.lib
d:\cpp\simpsons\game\libs\pure3d\build\win32\obj\zlib\debug\zlib.tlog\cl.command.1.tlog
d:\cpp\simpsons\game\libs\pure3d\build\win32\obj\zlib\debug\zlib.tlog\cl.items.tlog
d:\cpp\simpsons\game\libs\pure3d\build\win32\obj\zlib\debug\zlib.tlog\cl.read.1.tlog
d:\cpp\simpsons\game\libs\pure3d\build\win32\obj\zlib\debug\zlib.tlog\cl.write.1.tlog
d:\cpp\simpsons\game\libs\pure3d\build\win32\obj\zlib\debug\zlib.tlog\lib-link.read.1.tlog
d:\cpp\simpsons\game\libs\pure3d\build\win32\obj\zlib\debug\zlib.tlog\lib-link.write.1.tlog
d:\cpp\simpsons\game\libs\pure3d\build\win32\obj\zlib\debug\zlib.tlog\lib.command.1.tlog
