d:\cpp\simpsons\game\libs\radsound\build\win32\debug\radsound.pch
d:\cpp\simpsons\game\libs\radsound\build\win32\debug\radsound.pdb
d:\cpp\simpsons\game\libs\radsound\build\win32\debug\radsound.idb
d:\cpp\simpsons\game\libs\radsound\build\win32\debug\pch.sbr
d:\cpp\simpsons\game\libs\radsound\build\win32\debug\pch.obj
d:\cpp\simpsons\game\libs\radsound\build\win32\debug\banner.sbr
d:\cpp\simpsons\game\libs\radsound\build\win32\debug\radsoundfile.sbr
d:\cpp\simpsons\game\libs\radsound\build\win32\debug\rolloff.sbr
d:\cpp\simpsons\game\libs\radsound\build\win32\debug\radsoundwin.sbr
d:\cpp\simpsons\game\libs\radsound\build\win32\debug\radsoundmath.sbr
d:\cpp\simpsons\game\libs\radsound\build\win32\debug\radsoundmath.obj
d:\cpp\simpsons\game\libs\radsound\build\win32\debug\radsoundwin.obj
d:\cpp\simpsons\game\libs\radsound\build\win32\debug\rolloff.obj
d:\cpp\simpsons\game\libs\radsound\build\win32\debug\radsoundfile.obj
d:\cpp\simpsons\game\libs\radsound\build\win32\debug\banner.obj
d:\cpp\simpsons\game\libs\radsound\build\win32\debug\radicaladpcm.sbr
d:\cpp\simpsons\game\libs\radsound\build\win32\debug\radicaladpcm.obj
d:\cpp\simpsons\game\libs\radsound\build\win32\debug\radsound.tlog\cl.command.1.tlog
d:\cpp\simpsons\game\libs\radsound\build\win32\debug\radsound.tlog\cl.read.1.tlog
d:\cpp\simpsons\game\libs\radsound\build\win32\debug\radsound.tlog\cl.write.1.tlog
