d:\cpp\simpsons\game\libs\choreo\build\win32\debug\choreo.pdb
d:\cpp\simpsons\game\libs\choreo\build\win32\debug\choreo.idb
d:\cpp\simpsons\game\libs\choreo\build\win32\debug\replay.obj
d:\cpp\simpsons\game\libs\choreo\build\win32\debug\puppet.obj
d:\cpp\simpsons\game\libs\choreo\build\win32\debug\partition.obj
d:\cpp\simpsons\game\libs\choreo\build\win32\debug\locomotion.obj
d:\cpp\simpsons\game\libs\choreo\build\win32\debug\load.obj
d:\cpp\simpsons\game\libs\choreo\build\win32\debug\jointblender.obj
d:\cpp\simpsons\game\libs\choreo\build\win32\debug\jointblenddriver.obj
d:\cpp\simpsons\game\libs\choreo\build\win32\debug\internalanimation.obj
d:\cpp\simpsons\game\libs\choreo\build\win32\debug\footplanter.obj
d:\cpp\simpsons\game\libs\choreo\build\win32\debug\footblender.obj
d:\cpp\simpsons\game\libs\choreo\build\win32\debug\footblenddriver.obj
d:\cpp\simpsons\game\libs\choreo\build\win32\debug\foot.obj
d:\cpp\simpsons\game\libs\choreo\build\win32\debug\engine.obj
d:\cpp\simpsons\game\libs\choreo\build\win32\debug\driver.obj
d:\cpp\simpsons\game\libs\choreo\build\win32\debug\constants.obj
d:\cpp\simpsons\game\libs\choreo\build\win32\debug\blendtemplate.obj
d:\cpp\simpsons\game\libs\choreo\build\win32\debug\blend.obj
d:\cpp\simpsons\game\libs\choreo\build\win32\debug\basebank.obj
d:\cpp\simpsons\game\libs\choreo\build\win32\debug\bank.obj
d:\cpp\simpsons\game\libs\choreo\build\win32\debug\animation.obj
d:\cpp\simpsons\game\libs\choreo\build\win32\debug\utility.obj
d:\cpp\simpsons\game\libs\choreo\build\win32\debug\transition.obj
d:\cpp\simpsons\game\libs\choreo\build\win32\debug\synchronization.obj
d:\cpp\simpsons\game\libs\choreo\build\win32\debug\scriptwriter.obj
d:\cpp\simpsons\game\libs\choreo\build\win32\debug\scriptreader.obj
d:\cpp\simpsons\game\libs\choreo\build\win32\debug\rootblender.obj
d:\cpp\simpsons\game\libs\choreo\build\win32\debug\rootblenddriver.obj
d:\cpp\simpsons\game\libs\choreo\build\win32\debug\root.obj
d:\cpp\simpsons\game\libs\choreo\build\win32\debug\rig.obj
d:\cpp\simpsons\game\libs\choreo\build\win32\debug\replayblender.obj
d:\cpp\simpsons\game\libs\choreo\build\win32\debug\replayblenddriver.obj
d:\cpp\simpsons\game\libs\choreo\lib\choreowd.lib
d:\cpp\simpsons\game\libs\choreo\build\win32\debug\choreo.tlog\cl.command.1.tlog
d:\cpp\simpsons\game\libs\choreo\build\win32\debug\choreo.tlog\cl.items.tlog
d:\cpp\simpsons\game\libs\choreo\build\win32\debug\choreo.tlog\cl.read.1.tlog
d:\cpp\simpsons\game\libs\choreo\build\win32\debug\choreo.tlog\cl.write.1.tlog
d:\cpp\simpsons\game\libs\choreo\build\win32\debug\choreo.tlog\lib-link.read.1.tlog
d:\cpp\simpsons\game\libs\choreo\build\win32\debug\choreo.tlog\lib-link.write.1.tlog
d:\cpp\simpsons\game\libs\choreo\build\win32\debug\choreo.tlog\lib.command.1.tlog
