d:\cpp\simpsons\game\build\win32\debug\srr2.pch
d:\cpp\simpsons\game\build\win32\debug\vc143.pdb
d:\cpp\simpsons\game\build\win32\debug\pchsrr2.sbr
d:\cpp\simpsons\game\build\win32\debug\pchsrr2.obj
d:\cpp\simpsons\game\build\win32\debug\actionbuttonhandler.sbr
d:\cpp\simpsons\game\build\win32\debug\actionbuttonmanager.sbr
d:\cpp\simpsons\game\build\win32\debug\actor.sbr
d:\cpp\simpsons\game\build\win32\debug\actoranimationufo.sbr
d:\cpp\simpsons\game\build\win32\debug\actoranimationwasp.sbr
d:\cpp\simpsons\game\build\win32\debug\actordsg.sbr
d:\cpp\simpsons\game\build\win32\debug\actormanager.sbr
d:\cpp\simpsons\game\build\win32\debug\attackbehaviour.sbr
d:\cpp\simpsons\game\build\win32\debug\attractionbehaviour.sbr
d:\cpp\simpsons\game\build\win32\debug\cutcambehaviour.sbr
d:\cpp\simpsons\game\build\win32\debug\evasionbehaviour.sbr
d:\cpp\simpsons\game\build\win32\debug\flyingactor.sbr
d:\cpp\simpsons\game\build\win32\debug\intersectionlist.sbr
d:\cpp\simpsons\game\build\win32\debug\projectile.sbr
d:\cpp\simpsons\game\build\win32\debug\projectiledsg.sbr
d:\cpp\simpsons\game\build\win32\debug\spawnpoint.sbr
d:\cpp\simpsons\game\build\win32\debug\stunnedbehaviour.sbr
d:\cpp\simpsons\game\build\win32\debug\ufoattackbehaviour.sbr
d:\cpp\simpsons\game\build\win32\debug\ufobeamalwaysonbehaviour.sbr
d:\cpp\simpsons\game\build\win32\debug\ufobehaviour.sbr
d:\cpp\simpsons\game\build\win32\debug\ufobehaviour.obj
d:\cpp\simpsons\game\build\win32\debug\ufobeamalwaysonbehaviour.obj
d:\cpp\simpsons\game\build\win32\debug\ufoattackbehaviour.obj
d:\cpp\simpsons\game\build\win32\debug\stunnedbehaviour.obj
d:\cpp\simpsons\game\build\win32\debug\spawnpoint.obj
d:\cpp\simpsons\game\build\win32\debug\projectiledsg.obj
d:\cpp\simpsons\game\build\win32\debug\projectile.obj
d:\cpp\simpsons\game\build\win32\debug\intersectionlist.obj
d:\cpp\simpsons\game\build\win32\debug\flyingactor.obj
d:\cpp\simpsons\game\build\win32\debug\evasionbehaviour.obj
d:\cpp\simpsons\game\build\win32\debug\cutcambehaviour.obj
d:\cpp\simpsons\game\build\win32\debug\attractionbehaviour.obj
d:\cpp\simpsons\game\build\win32\debug\attackbehaviour.obj
d:\cpp\simpsons\game\build\win32\debug\actormanager.obj
d:\cpp\simpsons\game\build\win32\debug\actordsg.obj
d:\cpp\simpsons\game\build\win32\debug\actoranimationwasp.obj
d:\cpp\simpsons\game\build\win32\debug\actoranimationufo.obj
d:\cpp\simpsons\game\build\win32\debug\actor.obj
d:\cpp\simpsons\game\build\win32\debug\actionbuttonmanager.obj
d:\cpp\simpsons\game\build\win32\debug\automaticdoor.sbr
d:\cpp\simpsons\game\build\win32\debug\playanimonce.sbr
d:\cpp\simpsons\game\build\win32\debug\action.sbr
d:\cpp\simpsons\game\build\win32\debug\actioncontroller.sbr
d:\cpp\simpsons\game\build\win32\debug\sequencer.sbr
d:\cpp\simpsons\game\build\win32\debug\task.sbr
d:\cpp\simpsons\game\build\win32\debug\state.sbr
d:\cpp\simpsons\game\build\win32\debug\statemanager.sbr
d:\cpp\simpsons\game\build\win32\debug\chaseai.sbr
d:\cpp\simpsons\game\build\win32\debug\potentialfield.sbr
d:\cpp\simpsons\game\build\win32\debug\potentials.sbr
d:\cpp\simpsons\game\build\win32\debug\trafficai.sbr
d:\cpp\simpsons\game\build\win32\debug\vehicleai.sbr
d:\cpp\simpsons\game\build\win32\debug\vehicleairender.sbr
d:\cpp\simpsons\game\build\win32\debug\waypointai.sbr
d:\cpp\simpsons\game\build\win32\debug\atcloader.sbr
d:\cpp\simpsons\game\build\win32\debug\atcmanager.sbr
d:\cpp\simpsons\game\build\win32\debug\animatedcam.sbr
d:\cpp\simpsons\game\build\win32\debug\bumpercam.sbr
d:\cpp\simpsons\game\build\win32\debug\chasecam.sbr
d:\cpp\simpsons\game\build\win32\debug\chasecam.obj
d:\cpp\simpsons\game\build\win32\debug\bumpercam.obj
d:\cpp\simpsons\game\build\win32\debug\atcmanager.obj
d:\cpp\simpsons\game\build\win32\debug\atcloader.obj
d:\cpp\simpsons\game\build\win32\debug\vehicleairender.obj
d:\cpp\simpsons\game\build\win32\debug\trafficai.obj
d:\cpp\simpsons\game\build\win32\debug\potentials.obj
d:\cpp\simpsons\game\build\win32\debug\potentialfield.obj
d:\cpp\simpsons\game\build\win32\debug\statemanager.obj
d:\cpp\simpsons\game\build\win32\debug\task.obj
d:\cpp\simpsons\game\build\win32\debug\sequencer.obj
d:\cpp\simpsons\game\build\win32\debug\actioncontroller.obj
d:\cpp\simpsons\game\build\win32\debug\playanimonce.obj
d:\cpp\simpsons\game\build\win32\debug\automaticdoor.obj
d:\cpp\simpsons\game\build\win32\debug\conversationcam.sbr
d:\cpp\simpsons\game\build\win32\debug\debugcam.sbr
d:\cpp\simpsons\game\build\win32\debug\firstpersoncam.sbr
d:\cpp\simpsons\game\build\win32\debug\followcam.sbr
d:\cpp\simpsons\game\build\win32\debug\kullcam.sbr
d:\cpp\simpsons\game\build\win32\debug\pccam.sbr
d:\cpp\simpsons\game\build\win32\debug\railcam.sbr
d:\cpp\simpsons\game\build\win32\debug\relativeanimatedcam.sbr
d:\cpp\simpsons\game\build\win32\debug\reversecam.sbr
d:\cpp\simpsons\game\build\win32\debug\sinecosshaker.sbr
d:\cpp\simpsons\game\build\win32\debug\snapshotcam.sbr
d:\cpp\simpsons\game\build\win32\debug\staticcam.sbr
d:\cpp\simpsons\game\build\win32\debug\supercam.sbr
d:\cpp\simpsons\game\build\win32\debug\supercamcentral.sbr
d:\cpp\simpsons\game\build\win32\debug\supercamcontroller.sbr
d:\cpp\simpsons\game\build\win32\debug\supercammanager.sbr
d:\cpp\simpsons\game\build\win32\debug\supersprintcam.sbr
d:\cpp\simpsons\game\build\win32\debug\surveillancecam.sbr
d:\cpp\simpsons\game\build\win32\debug\trackercam.sbr
d:\cpp\simpsons\game\build\win32\debug\walkercam.sbr
d:\cpp\simpsons\game\build\win32\debug\walkercam.obj
d:\cpp\simpsons\game\build\win32\debug\surveillancecam.obj
d:\cpp\simpsons\game\build\win32\debug\supersprintcam.obj
d:\cpp\simpsons\game\build\win32\debug\supercammanager.obj
d:\cpp\simpsons\game\build\win32\debug\supercamcontroller.obj
d:\cpp\simpsons\game\build\win32\debug\staticcam.obj
d:\cpp\simpsons\game\build\win32\debug\snapshotcam.obj
d:\cpp\simpsons\game\build\win32\debug\sinecosshaker.obj
d:\cpp\simpsons\game\build\win32\debug\reversecam.obj
d:\cpp\simpsons\game\build\win32\debug\relativeanimatedcam.obj
d:\cpp\simpsons\game\build\win32\debug\railcam.obj
d:\cpp\simpsons\game\build\win32\debug\followcam.obj
d:\cpp\simpsons\game\build\win32\debug\conversationcam.obj
d:\cpp\simpsons\game\build\win32\debug\wrecklesscam.sbr
d:\cpp\simpsons\game\build\win32\debug\wrecklesseventlistener.sbr
d:\cpp\simpsons\game\build\win32\debug\bonuscard.sbr
d:\cpp\simpsons\game\build\win32\debug\card.sbr
d:\cpp\simpsons\game\build\win32\debug\cardgallery.sbr
d:\cpp\simpsons\game\build\win32\debug\cardsdb.sbr
d:\cpp\simpsons\game\build\win32\debug\collectorcard.sbr
d:\cpp\simpsons\game\build\win32\debug\cheatinputhandler.sbr
d:\cpp\simpsons\game\build\win32\debug\cheatinputsystem.sbr
d:\cpp\simpsons\game\build\win32\debug\cheats.sbr
d:\cpp\simpsons\game\build\win32\debug\console.sbr
d:\cpp\simpsons\game\build\win32\debug\debugconsolecallback.sbr
d:\cpp\simpsons\game\build\win32\debug\fbstricmp.sbr
d:\cpp\simpsons\game\build\win32\debug\nameinsensitive.sbr
d:\cpp\simpsons\game\build\win32\debug\upcase.sbr
d:\cpp\simpsons\game\build\win32\debug\bootupcontext.sbr
d:\cpp\simpsons\game\build\win32\debug\context.sbr
d:\cpp\simpsons\game\build\win32\debug\democontext.sbr
d:\cpp\simpsons\game\build\win32\debug\loadingdemocontext.sbr
d:\cpp\simpsons\game\build\win32\debug\entrycontext.sbr
d:\cpp\simpsons\game\build\win32\debug\entrycontext.obj
d:\cpp\simpsons\game\build\win32\debug\loadingdemocontext.obj
d:\cpp\simpsons\game\build\win32\debug\nameinsensitive.obj
d:\cpp\simpsons\game\build\win32\debug\fbstricmp.obj
d:\cpp\simpsons\game\build\win32\debug\debugconsolecallback.obj
d:\cpp\simpsons\game\build\win32\debug\cheats.obj
d:\cpp\simpsons\game\build\win32\debug\cheatinputhandler.obj
d:\cpp\simpsons\game\build\win32\debug\collectorcard.obj
d:\cpp\simpsons\game\build\win32\debug\cardsdb.obj
d:\cpp\simpsons\game\build\win32\debug\cardgallery.obj
d:\cpp\simpsons\game\build\win32\debug\card.obj
d:\cpp\simpsons\game\build\win32\debug\bonuscard.obj
d:\cpp\simpsons\game\build\win32\debug\wrecklesseventlistener.obj
d:\cpp\simpsons\game\build\win32\debug\wrecklesscam.obj
d:\cpp\simpsons\game\build\win32\debug\exitcontext.sbr
d:\cpp\simpsons\game\build\win32\debug\frontendcontext.sbr
d:\cpp\simpsons\game\build\win32\debug\gameplaycontext.sbr
d:\cpp\simpsons\game\build\win32\debug\loadinggameplaycontext.sbr
d:\cpp\simpsons\game\build\win32\debug\loadingcontext.sbr
d:\cpp\simpsons\game\build\win32\debug\pausecontext.sbr
d:\cpp\simpsons\game\build\win32\debug\playingcontext.sbr
d:\cpp\simpsons\game\build\win32\debug\loadingsupersprintcontext.sbr
d:\cpp\simpsons\game\build\win32\debug\supersprintcontext.sbr
d:\cpp\simpsons\game\build\win32\debug\supersprintfecontext.sbr
d:\cpp\simpsons\game\build\win32\debug\configstring.sbr
d:\cpp\simpsons\game\build\win32\debug\gameconfigmanager.sbr
d:\cpp\simpsons\game\build\win32\debug\gamedatamanager.sbr
d:\cpp\simpsons\game\build\win32\debug\memorycardmanager.sbr
d:\cpp\simpsons\game\build\win32\debug\persistentworldmanager.sbr
d:\cpp\simpsons\game\build\win32\debug\savegameinfo.sbr
d:\cpp\simpsons\game\build\win32\debug\debuginfo.sbr
d:\cpp\simpsons\game\build\win32\debug\profiler.sbr
d:\cpp\simpsons\game\build\win32\debug\section.sbr
d:\cpp\simpsons\game\build\win32\debug\eventlistener.sbr
d:\cpp\simpsons\game\build\win32\debug\eventlistener.obj
d:\cpp\simpsons\game\build\win32\debug\section.obj
d:\cpp\simpsons\game\build\win32\debug\profiler.obj
d:\cpp\simpsons\game\build\win32\debug\debuginfo.obj
d:\cpp\simpsons\game\build\win32\debug\savegameinfo.obj
d:\cpp\simpsons\game\build\win32\debug\persistentworldmanager.obj
d:\cpp\simpsons\game\build\win32\debug\memorycardmanager.obj
d:\cpp\simpsons\game\build\win32\debug\gamedatamanager.obj
d:\cpp\simpsons\game\build\win32\debug\gameconfigmanager.obj
d:\cpp\simpsons\game\build\win32\debug\configstring.obj
d:\cpp\simpsons\game\build\win32\debug\loadingsupersprintcontext.obj
d:\cpp\simpsons\game\build\win32\debug\loadinggameplaycontext.obj
d:\cpp\simpsons\game\build\win32\debug\exitcontext.obj
d:\cpp\simpsons\game\build\win32\debug\eventmanager.sbr
d:\cpp\simpsons\game\build\win32\debug\gameflow.sbr
d:\cpp\simpsons\game\build\win32\debug\basedamper.sbr
d:\cpp\simpsons\game\build\win32\debug\button.sbr
d:\cpp\simpsons\game\build\win32\debug\constanteffect.sbr
d:\cpp\simpsons\game\build\win32\debug\femouse.sbr
d:\cpp\simpsons\game\build\win32\debug\forceeffect.sbr
d:\cpp\simpsons\game\build\win32\debug\gamepad.sbr
d:\cpp\simpsons\game\build\win32\debug\inputmanager.sbr
d:\cpp\simpsons\game\build\win32\debug\keyboard.sbr
d:\cpp\simpsons\game\build\win32\debug\mappable.sbr
d:\cpp\simpsons\game\build\win32\debug\mapper.sbr
d:\cpp\simpsons\game\build\win32\debug\mouse.sbr
d:\cpp\simpsons\game\build\win32\debug\mousecursor.sbr
d:\cpp\simpsons\game\build\win32\debug\realcontroller.sbr
d:\cpp\simpsons\game\build\win32\debug\rumbleeffect.sbr
d:\cpp\simpsons\game\build\win32\debug\rumblewin32.sbr
d:\cpp\simpsons\game\build\win32\debug\steeringspring.sbr
d:\cpp\simpsons\game\build\win32\debug\usercontrollerwin32.sbr
d:\cpp\simpsons\game\build\win32\debug\virtualinputs.sbr
d:\cpp\simpsons\game\build\win32\debug\steeringspring.obj
d:\cpp\simpsons\game\build\win32\debug\rumblewin32.obj
d:\cpp\simpsons\game\build\win32\debug\rumbleeffect.obj
d:\cpp\simpsons\game\build\win32\debug\mousecursor.obj
d:\cpp\simpsons\game\build\win32\debug\mapper.obj
d:\cpp\simpsons\game\build\win32\debug\forceeffect.obj
d:\cpp\simpsons\game\build\win32\debug\button.obj
d:\cpp\simpsons\game\build\win32\debug\basedamper.obj
d:\cpp\simpsons\game\build\win32\debug\gameflow.obj
d:\cpp\simpsons\game\build\win32\debug\eventmanager.obj
d:\cpp\simpsons\game\build\win32\debug\wheelrumble.sbr
d:\cpp\simpsons\game\build\win32\debug\interiormanager.sbr
d:\cpp\simpsons\game\build\win32\debug\cameradataloader.sbr
d:\cpp\simpsons\game\build\win32\debug\cementfilehandler.sbr
d:\cpp\simpsons\game\build\win32\debug\choreofilehandler.sbr
d:\cpp\simpsons\game\build\win32\debug\consolefilehandler.sbr
d:\cpp\simpsons\game\build\win32\debug\filehandlerfactory.sbr
d:\cpp\simpsons\game\build\win32\debug\iconfilehandler.sbr
d:\cpp\simpsons\game\build\win32\debug\intersectionloader.sbr
d:\cpp\simpsons\game\build\win32\debug\loadingmanager.sbr
d:\cpp\simpsons\game\build\win32\debug\locatorloader.sbr
d:\cpp\simpsons\game\build\win32\debug\p3dfilehandler.sbr
d:\cpp\simpsons\game\build\win32\debug\pathloader.sbr
d:\cpp\simpsons\game\build\win32\debug\roaddatasegmentloader.sbr
d:\cpp\simpsons\game\build\win32\debug\roadloader.sbr
d:\cpp\simpsons\game\build\win32\debug\scroobyfilehandler.sbr
d:\cpp\simpsons\game\build\win32\debug\soundfilehandler.sbr
d:\cpp\simpsons\game\build\win32\debug\commandlineoptions.sbr
d:\cpp\simpsons\game\build\win32\debug\game.sbr
d:\cpp\simpsons\game\build\win32\debug\singletons.sbr
d:\cpp\simpsons\game\build\win32\debug\commandlineoptions.obj
d:\cpp\simpsons\game\build\win32\debug\soundfilehandler.obj
d:\cpp\simpsons\game\build\win32\debug\scroobyfilehandler.obj
d:\cpp\simpsons\game\build\win32\debug\roadloader.obj
d:\cpp\simpsons\game\build\win32\debug\roaddatasegmentloader.obj
d:\cpp\simpsons\game\build\win32\debug\pathloader.obj
d:\cpp\simpsons\game\build\win32\debug\p3dfilehandler.obj
d:\cpp\simpsons\game\build\win32\debug\locatorloader.obj
d:\cpp\simpsons\game\build\win32\debug\loadingmanager.obj
d:\cpp\simpsons\game\build\win32\debug\intersectionloader.obj
d:\cpp\simpsons\game\build\win32\debug\iconfilehandler.obj
d:\cpp\simpsons\game\build\win32\debug\filehandlerfactory.obj
d:\cpp\simpsons\game\build\win32\debug\consolefilehandler.obj
d:\cpp\simpsons\game\build\win32\debug\choreofilehandler.obj
d:\cpp\simpsons\game\build\win32\debug\cementfilehandler.obj
d:\cpp\simpsons\game\build\win32\debug\cameradataloader.obj
d:\cpp\simpsons\game\build\win32\debug\tuidunaligned.sbr
d:\cpp\simpsons\game\build\win32\debug\win32main.sbr
d:\cpp\simpsons\game\build\win32\debug\win32platform.sbr
d:\cpp\simpsons\game\build\win32\debug\classsizetracker.sbr
d:\cpp\simpsons\game\build\win32\debug\createheap.sbr
d:\cpp\simpsons\game\build\win32\debug\leakdetection.sbr
d:\cpp\simpsons\game\build\win32\debug\memorypool.sbr
d:\cpp\simpsons\game\build\win32\debug\memoryutilities.sbr
d:\cpp\simpsons\game\build\win32\debug\propstats.sbr
d:\cpp\simpsons\game\build\win32\debug\srrmemory.sbr
d:\cpp\simpsons\game\build\win32\debug\actioneventlocator.sbr
d:\cpp\simpsons\game\build\win32\debug\carstartlocator.sbr
d:\cpp\simpsons\game\build\win32\debug\directionallocator.sbr
d:\cpp\simpsons\game\build\win32\debug\eventlocator.sbr
d:\cpp\simpsons\game\build\win32\debug\fovlocator.sbr
d:\cpp\simpsons\game\build\win32\debug\interiorentrancelocator.sbr
d:\cpp\simpsons\game\build\win32\debug\locator.sbr
d:\cpp\simpsons\game\build\win32\debug\occlusionlocator.sbr
d:\cpp\simpsons\game\build\win32\debug\recttriggervolume.sbr
d:\cpp\simpsons\game\build\win32\debug\scriptlocator.sbr
d:\cpp\simpsons\game\build\win32\debug\scriptlocator.obj
d:\cpp\simpsons\game\build\win32\debug\recttriggervolume.obj
d:\cpp\simpsons\game\build\win32\debug\occlusionlocator.obj
d:\cpp\simpsons\game\build\win32\debug\locator.obj
d:\cpp\simpsons\game\build\win32\debug\interiorentrancelocator.obj
d:\cpp\simpsons\game\build\win32\debug\fovlocator.obj
d:\cpp\simpsons\game\build\win32\debug\eventlocator.obj
d:\cpp\simpsons\game\build\win32\debug\directionallocator.obj
d:\cpp\simpsons\game\build\win32\debug\carstartlocator.obj
d:\cpp\simpsons\game\build\win32\debug\actioneventlocator.obj
d:\cpp\simpsons\game\build\win32\debug\propstats.obj
d:\cpp\simpsons\game\build\win32\debug\memoryutilities.obj
d:\cpp\simpsons\game\build\win32\debug\memorypool.obj
d:\cpp\simpsons\game\build\win32\debug\leakdetection.obj
d:\cpp\simpsons\game\build\win32\debug\createheap.obj
d:\cpp\simpsons\game\build\win32\debug\classsizetracker.obj
d:\cpp\simpsons\game\build\win32\debug\tuidunaligned.obj
d:\cpp\simpsons\game\build\win32\debug\spheretriggervolume.sbr
d:\cpp\simpsons\game\build\win32\debug\splinelocator.sbr
d:\cpp\simpsons\game\build\win32\debug\staticcamlocator.sbr
d:\cpp\simpsons\game\build\win32\debug\triggerlocator.sbr
d:\cpp\simpsons\game\build\win32\debug\triggervolume.sbr
d:\cpp\simpsons\game\build\win32\debug\triggervolumetracker.sbr
d:\cpp\simpsons\game\build\win32\debug\zoneeventlocator.sbr
d:\cpp\simpsons\game\build\win32\debug\animatedicon.sbr
d:\cpp\simpsons\game\build\win32\debug\bonusmissioninfo.sbr
d:\cpp\simpsons\game\build\win32\debug\charactersheetmanager.sbr
d:\cpp\simpsons\game\build\win32\debug\damagecondition.sbr
d:\cpp\simpsons\game\build\win32\debug\followcondition.sbr
d:\cpp\simpsons\game\build\win32\debug\getoutofcarcondition.sbr
d:\cpp\simpsons\game\build\win32\debug\keepbarrelcondition.sbr
d:\cpp\simpsons\game\build\win32\debug\leaveinteriorcondition.sbr
d:\cpp\simpsons\game\build\win32\debug\missioncondition.sbr
d:\cpp\simpsons\game\build\win32\debug\notabductedcondition.sbr
d:\cpp\simpsons\game\build\win32\debug\outofboundscondition.sbr
d:\cpp\simpsons\game\build\win32\debug\positioncondition.sbr
d:\cpp\simpsons\game\build\win32\debug\racecondition.sbr
d:\cpp\simpsons\game\build\win32\debug\racecondition.obj
d:\cpp\simpsons\game\build\win32\debug\positioncondition.obj
d:\cpp\simpsons\game\build\win32\debug\outofboundscondition.obj
d:\cpp\simpsons\game\build\win32\debug\notabductedcondition.obj
d:\cpp\simpsons\game\build\win32\debug\missioncondition.obj
d:\cpp\simpsons\game\build\win32\debug\leaveinteriorcondition.obj
d:\cpp\simpsons\game\build\win32\debug\keepbarrelcondition.obj
d:\cpp\simpsons\game\build\win32\debug\damagecondition.obj
d:\cpp\simpsons\game\build\win32\debug\charactersheetmanager.obj
d:\cpp\simpsons\game\build\win32\debug\animatedicon.obj
d:\cpp\simpsons\game\build\win32\debug\zoneeventlocator.obj
d:\cpp\simpsons\game\build\win32\debug\triggervolumetracker.obj
d:\cpp\simpsons\game\build\win32\debug\triggervolume.obj
d:\cpp\simpsons\game\build\win32\debug\triggerlocator.obj
d:\cpp\simpsons\game\build\win32\debug\staticcamlocator.obj
d:\cpp\simpsons\game\build\win32\debug\splinelocator.obj
d:\cpp\simpsons\game\build\win32\debug\spheretriggervolume.obj
d:\cpp\simpsons\game\build\win32\debug\timeoutcondition.sbr
d:\cpp\simpsons\game\build\win32\debug\vehiclecarryingstateprop.sbr
d:\cpp\simpsons\game\build\win32\debug\vehiclecondition.sbr
d:\cpp\simpsons\game\build\win32\debug\gameplaymanager.sbr
d:\cpp\simpsons\game\build\win32\debug\haspresentationinfo.sbr
d:\cpp\simpsons\game\build\win32\debug\mission.sbr
d:\cpp\simpsons\game\build\win32\debug\missionmanager.sbr
d:\cpp\simpsons\game\build\win32\debug\missionscriptloader.sbr
d:\cpp\simpsons\game\build\win32\debug\missionstage.sbr
d:\cpp\simpsons\game\build\win32\debug\nocopbonusobjective.sbr
d:\cpp\simpsons\game\build\win32\debug\nodamagebonusobjective.sbr
d:\cpp\simpsons\game\build\win32\debug\buycarobjective.sbr
d:\cpp\simpsons\game\build\win32\debug\buyskinobjective.sbr
d:\cpp\simpsons\game\build\win32\debug\coinobjective.sbr
d:\cpp\simpsons\game\build\win32\debug\collectdumpedobjective.sbr
d:\cpp\simpsons\game\build\win32\debug\collectibleobjective.sbr
d:\cpp\simpsons\game\build\win32\debug\deliveryobjective.sbr
d:\cpp\simpsons\game\build\win32\debug\destroybossobjective.sbr
d:\cpp\simpsons\game\build\win32\debug\destroyobjective.sbr
d:\cpp\simpsons\game\build\win32\debug\dialogueobjective.sbr
d:\cpp\simpsons\game\build\win32\debug\dialogueobjective.obj
d:\cpp\simpsons\game\build\win32\debug\destroybossobjective.obj
d:\cpp\simpsons\game\build\win32\debug\coinobjective.obj
d:\cpp\simpsons\game\build\win32\debug\buyskinobjective.obj
d:\cpp\simpsons\game\build\win32\debug\buycarobjective.obj
d:\cpp\simpsons\game\build\win32\debug\nodamagebonusobjective.obj
d:\cpp\simpsons\game\build\win32\debug\nocopbonusobjective.obj
d:\cpp\simpsons\game\build\win32\debug\haspresentationinfo.obj
d:\cpp\simpsons\game\build\win32\debug\vehiclecondition.obj
d:\cpp\simpsons\game\build\win32\debug\vehiclecarryingstateprop.obj
d:\cpp\simpsons\game\build\win32\debug\fmvobjective.sbr
d:\cpp\simpsons\game\build\win32\debug\followobjective.sbr
d:\cpp\simpsons\game\build\win32\debug\getinobjective.sbr
d:\cpp\simpsons\game\build\win32\debug\gooutsideobjective.sbr
d:\cpp\simpsons\game\build\win32\debug\gotoobjective.sbr
d:\cpp\simpsons\game\build\win32\debug\interiorobjective.sbr
d:\cpp\simpsons\game\build\win32\debug\loadvehicleobjective.sbr
d:\cpp\simpsons\game\build\win32\debug\loseobjective.sbr
d:\cpp\simpsons\game\build\win32\debug\missionobjective.sbr
d:\cpp\simpsons\game\build\win32\debug\pickupitemobjective.sbr
d:\cpp\simpsons\game\build\win32\debug\raceobjective.sbr
d:\cpp\simpsons\game\build\win32\debug\talktoobjective.sbr
d:\cpp\simpsons\game\build\win32\debug\timerobjective.sbr
d:\cpp\simpsons\game\build\win32\debug\racepositionbonusobjective.sbr
d:\cpp\simpsons\game\build\win32\debug\respawnentity.sbr
d:\cpp\simpsons\game\build\win32\debug\respawnmanager.sbr
d:\cpp\simpsons\game\build\win32\debug\merchandise.sbr
d:\cpp\simpsons\game\build\win32\debug\reward.sbr
d:\cpp\simpsons\game\build\win32\debug\rewardsmanager.sbr
d:\cpp\simpsons\game\build\win32\debug\safezone.sbr
d:\cpp\simpsons\game\build\win32\debug\safezone.obj
d:\cpp\simpsons\game\build\win32\debug\rewardsmanager.obj
d:\cpp\simpsons\game\build\win32\debug\reward.obj
d:\cpp\simpsons\game\build\win32\debug\merchandise.obj
d:\cpp\simpsons\game\build\win32\debug\respawnmanager.obj
d:\cpp\simpsons\game\build\win32\debug\respawnentity.obj
d:\cpp\simpsons\game\build\win32\debug\racepositionbonusobjective.obj
d:\cpp\simpsons\game\build\win32\debug\timerobjective.obj
d:\cpp\simpsons\game\build\win32\debug\pickupitemobjective.obj
d:\cpp\simpsons\game\build\win32\debug\loadvehicleobjective.obj
d:\cpp\simpsons\game\build\win32\debug\interiorobjective.obj
d:\cpp\simpsons\game\build\win32\debug\getinobjective.obj
d:\cpp\simpsons\game\build\win32\debug\statepropcollectible.sbr
d:\cpp\simpsons\game\build\win32\debug\timeremainbonusobjective.sbr
d:\cpp\simpsons\game\build\win32\debug\tractorbeam.sbr
d:\cpp\simpsons\game\build\win32\debug\ufo.sbr
d:\cpp\simpsons\game\build\win32\debug\path.sbr
d:\cpp\simpsons\game\build\win32\debug\pathmanager.sbr
d:\cpp\simpsons\game\build\win32\debug\pathsegment.sbr
d:\cpp\simpsons\game\build\win32\debug\animplayer.sbr
d:\cpp\simpsons\game\build\win32\debug\blinker.sbr
d:\cpp\simpsons\game\build\win32\debug\cameraplayer.sbr
d:\cpp\simpsons\game\build\win32\debug\fmvplayer.sbr
d:\cpp\simpsons\game\build\win32\debug\fmvuserinputhandler.sbr
d:\cpp\simpsons\game\build\win32\debug\guimanagerbackend.sbr
d:\cpp\simpsons\game\build\win32\debug\guiscreendemo.sbr
d:\cpp\simpsons\game\build\win32\debug\guiscreenloading.sbr
d:\cpp\simpsons\game\build\win32\debug\guiscreenloadingfe.sbr
d:\cpp\simpsons\game\build\win32\debug\guimanagerbootup.sbr
d:\cpp\simpsons\game\build\win32\debug\guimanagerlanguage.sbr
d:\cpp\simpsons\game\build\win32\debug\guiscreenbootupload.sbr
d:\cpp\simpsons\game\build\win32\debug\guiscreenlanguage.sbr
d:\cpp\simpsons\game\build\win32\debug\guiscreenlanguage.obj
d:\cpp\simpsons\game\build\win32\debug\guiscreenbootupload.obj
d:\cpp\simpsons\game\build\win32\debug\guimanagerlanguage.obj
d:\cpp\simpsons\game\build\win32\debug\guiscreenloadingfe.obj
d:\cpp\simpsons\game\build\win32\debug\guiscreenloading.obj
d:\cpp\simpsons\game\build\win32\debug\guiscreendemo.obj
d:\cpp\simpsons\game\build\win32\debug\guimanagerbackend.obj
d:\cpp\simpsons\game\build\win32\debug\cameraplayer.obj
d:\cpp\simpsons\game\build\win32\debug\blinker.obj
d:\cpp\simpsons\game\build\win32\debug\animplayer.obj
d:\cpp\simpsons\game\build\win32\debug\pathsegment.obj
d:\cpp\simpsons\game\build\win32\debug\pathmanager.obj
d:\cpp\simpsons\game\build\win32\debug\path.obj
d:\cpp\simpsons\game\build\win32\debug\ufo.obj
d:\cpp\simpsons\game\build\win32\debug\tractorbeam.obj
d:\cpp\simpsons\game\build\win32\debug\timeremainbonusobjective.obj
d:\cpp\simpsons\game\build\win32\debug\guiscreenlicense.sbr
d:\cpp\simpsons\game\build\win32\debug\guimanagerfrontend.sbr
d:\cpp\simpsons\game\build\win32\debug\guiscreencardgallery.sbr
d:\cpp\simpsons\game\build\win32\debug\guiscreencontrollerwin32.sbr
d:\cpp\simpsons\game\build\win32\debug\guiscreendisplay.sbr
d:\cpp\simpsons\game\build\win32\debug\guiscreenloadgame.sbr
d:\cpp\simpsons\game\build\win32\debug\guiscreenmainmenu.sbr
d:\cpp\simpsons\game\build\win32\debug\guiscreenmissiongallery.sbr
d:\cpp\simpsons\game\build\win32\debug\guiscreenoptions.sbr
d:\cpp\simpsons\game\build\win32\debug\guiscreenplaymovie.sbr
d:\cpp\simpsons\game\build\win32\debug\guiscreenscrapbook.sbr
d:\cpp\simpsons\game\build\win32\debug\guiscreenscrapbookcontents.sbr
d:\cpp\simpsons\game\build\win32\debug\guiscreenscrapbookstats.sbr
d:\cpp\simpsons\game\build\win32\debug\guiscreenskingallery.sbr
d:\cpp\simpsons\game\build\win32\debug\guiscreensound.sbr
d:\cpp\simpsons\game\build\win32\debug\guiscreensplash.sbr
d:\cpp\simpsons\game\build\win32\debug\guiscreenvehiclegallery.sbr
d:\cpp\simpsons\game\build\win32\debug\guiscreenviewcredits.sbr
d:\cpp\simpsons\game\build\win32\debug\guiscreenviewmovies.sbr
d:\cpp\simpsons\game\build\win32\debug\guientity.sbr
d:\cpp\simpsons\game\build\win32\debug\guientity.obj
d:\cpp\simpsons\game\build\win32\debug\guiscreenviewmovies.obj
d:\cpp\simpsons\game\build\win32\debug\guiscreenviewcredits.obj
d:\cpp\simpsons\game\build\win32\debug\guiscreenvehiclegallery.obj
d:\cpp\simpsons\game\build\win32\debug\guiscreensplash.obj
d:\cpp\simpsons\game\build\win32\debug\guiscreensound.obj
d:\cpp\simpsons\game\build\win32\debug\guiscreenskingallery.obj
d:\cpp\simpsons\game\build\win32\debug\guiscreenscrapbookstats.obj
d:\cpp\simpsons\game\build\win32\debug\guiscreenscrapbook.obj
d:\cpp\simpsons\game\build\win32\debug\guiscreenoptions.obj
d:\cpp\simpsons\game\build\win32\debug\guiscreenloadgame.obj
d:\cpp\simpsons\game\build\win32\debug\guiscreencardgallery.obj
d:\cpp\simpsons\game\build\win32\debug\guiscreenlicense.obj
d:\cpp\simpsons\game\build\win32\debug\guimanager.sbr
d:\cpp\simpsons\game\build\win32\debug\guimenu.sbr
d:\cpp\simpsons\game\build\win32\debug\guimenuitem.sbr
d:\cpp\simpsons\game\build\win32\debug\guiscreen.sbr
d:\cpp\simpsons\game\build\win32\debug\guiscreenmemcardcheck.sbr
d:\cpp\simpsons\game\build\win32\debug\guiscreenmemorycard.sbr
d:\cpp\simpsons\game\build\win32\debug\guiscreenmessage.sbr
d:\cpp\simpsons\game\build\win32\debug\guiscreenprompt.sbr
d:\cpp\simpsons\game\build\win32\debug\guisystem.sbr
d:\cpp\simpsons\game\build\win32\debug\guitextbible.sbr
d:\cpp\simpsons\game\build\win32\debug\guiuserinputhandler.sbr
d:\cpp\simpsons\game\build\win32\debug\guiwindow.sbr
d:\cpp\simpsons\game\build\win32\debug\guimanageringame.sbr
d:\cpp\simpsons\game\build\win32\debug\guiscreencreditspostfmv.sbr
d:\cpp\simpsons\game\build\win32\debug\guiscreenhastransitions.sbr
d:\cpp\simpsons\game\build\win32\debug\guiscreenhud.sbr
d:\cpp\simpsons\game\build\win32\debug\guiscreeniriswipe.sbr
d:\cpp\simpsons\game\build\win32\debug\guiscreenletterbox.sbr
d:\cpp\simpsons\game\build\win32\debug\guiscreenlevelend.sbr
d:\cpp\simpsons\game\build\win32\debug\guiscreenlevelstats.sbr
d:\cpp\simpsons\game\build\win32\debug\guiscreenlevelstats.obj
d:\cpp\simpsons\game\build\win32\debug\guiscreenlevelend.obj
d:\cpp\simpsons\game\build\win32\debug\guiscreeniriswipe.obj
d:\cpp\simpsons\game\build\win32\debug\guiscreenhud.obj
d:\cpp\simpsons\game\build\win32\debug\guiscreenhastransitions.obj
d:\cpp\simpsons\game\build\win32\debug\guiscreencreditspostfmv.obj
d:\cpp\simpsons\game\build\win32\debug\guiwindow.obj
d:\cpp\simpsons\game\build\win32\debug\guiuserinputhandler.obj
d:\cpp\simpsons\game\build\win32\debug\guitextbible.obj
d:\cpp\simpsons\game\build\win32\debug\guiscreenprompt.obj
d:\cpp\simpsons\game\build\win32\debug\guiscreenmemorycard.obj
d:\cpp\simpsons\game\build\win32\debug\guiscreenmemcardcheck.obj
d:\cpp\simpsons\game\build\win32\debug\guimenuitem.obj
d:\cpp\simpsons\game\build\win32\debug\guiscreenmissionbase.sbr
d:\cpp\simpsons\game\build\win32\debug\guiscreenmissionload.sbr
d:\cpp\simpsons\game\build\win32\debug\guiscreenmissionover.sbr
d:\cpp\simpsons\game\build\win32\debug\guiscreenmissionselect.sbr
d:\cpp\simpsons\game\build\win32\debug\guiscreenmissionsuccess.sbr
d:\cpp\simpsons\game\build\win32\debug\guiscreenmultihud.sbr
d:\cpp\simpsons\game\build\win32\debug\guiscreenpause.sbr
d:\cpp\simpsons\game\build\win32\debug\guiscreenpausecontroller.sbr
d:\cpp\simpsons\game\build\win32\debug\guiscreenpausedisplay.sbr
d:\cpp\simpsons\game\build\win32\debug\guiscreenpausemission.sbr
d:\cpp\simpsons\game\build\win32\debug\guiscreenpauseoptions.sbr
d:\cpp\simpsons\game\build\win32\debug\guiscreenpausesettings.sbr
d:\cpp\simpsons\game\build\win32\debug\guiscreenpausesound.sbr
d:\cpp\simpsons\game\build\win32\debug\guiscreenpausesunday.sbr
d:\cpp\simpsons\game\build\win32\debug\guiscreenphonebooth.sbr
d:\cpp\simpsons\game\build\win32\debug\guiscreenpurchaserewards.sbr
d:\cpp\simpsons\game\build\win32\debug\guiscreenrewards.sbr
d:\cpp\simpsons\game\build\win32\debug\guiscreensavegame.sbr
d:\cpp\simpsons\game\build\win32\debug\guiscreentutorial.sbr
d:\cpp\simpsons\game\build\win32\debug\guiscreenviewcards.sbr
d:\cpp\simpsons\game\build\win32\debug\guiscreenviewcards.obj
d:\cpp\simpsons\game\build\win32\debug\guiscreentutorial.obj
d:\cpp\simpsons\game\build\win32\debug\guiscreensavegame.obj
d:\cpp\simpsons\game\build\win32\debug\guiscreenrewards.obj
d:\cpp\simpsons\game\build\win32\debug\guiscreenphonebooth.obj
d:\cpp\simpsons\game\build\win32\debug\guiscreenpausesunday.obj
d:\cpp\simpsons\game\build\win32\debug\guiscreenpausesound.obj
d:\cpp\simpsons\game\build\win32\debug\guiscreenpauseoptions.obj
d:\cpp\simpsons\game\build\win32\debug\guiscreenpausedisplay.obj
d:\cpp\simpsons\game\build\win32\debug\guiscreenmissionbase.obj
d:\cpp\simpsons\game\build\win32\debug\hudcardcollected.sbr
d:\cpp\simpsons\game\build\win32\debug\hudcoincollected.sbr
d:\cpp\simpsons\game\build\win32\debug\hudcountdown.sbr
d:\cpp\simpsons\game\build\win32\debug\hudeventhandler.sbr
d:\cpp\simpsons\game\build\win32\debug\hudhitnrun.sbr
d:\cpp\simpsons\game\build\win32\debug\huditemdropped.sbr
d:\cpp\simpsons\game\build\win32\debug\hudmissionobjective.sbr
d:\cpp\simpsons\game\build\win32\debug\hudmissionprogress.sbr
d:\cpp\simpsons\game\build\win32\debug\hudwaspdestroyed.sbr
d:\cpp\simpsons\game\build\win32\debug\guimanagerminigame.sbr
d:\cpp\simpsons\game\build\win32\debug\guiscreenminihud.sbr
d:\cpp\simpsons\game\build\win32\debug\guiscreenminimenu.sbr
d:\cpp\simpsons\game\build\win32\debug\guiscreenminipause.sbr
d:\cpp\simpsons\game\build\win32\debug\guiscreenminisummary.sbr
d:\cpp\simpsons\game\build\win32\debug\hudmap.sbr
d:\cpp\simpsons\game\build\win32\debug\hudmapcam.sbr
d:\cpp\simpsons\game\build\win32\debug\numerictext.sbr
d:\cpp\simpsons\game\build\win32\debug\scrollingtext.sbr
d:\cpp\simpsons\game\build\win32\debug\slider.sbr
d:\cpp\simpsons\game\build\win32\debug\specialfx.sbr
d:\cpp\simpsons\game\build\win32\debug\specialfx.obj
d:\cpp\simpsons\game\build\win32\debug\slider.obj
d:\cpp\simpsons\game\build\win32\debug\scrollingtext.obj
d:\cpp\simpsons\game\build\win32\debug\numerictext.obj
d:\cpp\simpsons\game\build\win32\debug\hudmapcam.obj
d:\cpp\simpsons\game\build\win32\debug\hudmap.obj
d:\cpp\simpsons\game\build\win32\debug\hudwaspdestroyed.obj
d:\cpp\simpsons\game\build\win32\debug\hudmissionprogress.obj
d:\cpp\simpsons\game\build\win32\debug\huditemdropped.obj
d:\cpp\simpsons\game\build\win32\debug\hudhitnrun.obj
d:\cpp\simpsons\game\build\win32\debug\hudeventhandler.obj
d:\cpp\simpsons\game\build\win32\debug\hudcoincollected.obj
d:\cpp\simpsons\game\build\win32\debug\hudcardcollected.obj
d:\cpp\simpsons\game\build\win32\debug\teletypetext.sbr
d:\cpp\simpsons\game\build\win32\debug\transitions.sbr
d:\cpp\simpsons\game\build\win32\debug\language.sbr
d:\cpp\simpsons\game\build\win32\debug\mouthflapper.sbr
d:\cpp\simpsons\game\build\win32\debug\nisplayer.sbr
d:\cpp\simpsons\game\build\win32\debug\playerdrawable.sbr
d:\cpp\simpsons\game\build\win32\debug\presentation.sbr
d:\cpp\simpsons\game\build\win32\debug\presentationanimator.sbr
d:\cpp\simpsons\game\build\win32\debug\fmvevent.sbr
d:\cpp\simpsons\game\build\win32\debug\nisevent.sbr
d:\cpp\simpsons\game\build\win32\debug\presentationevent.sbr
d:\cpp\simpsons\game\build\win32\debug\transevent.sbr
d:\cpp\simpsons\game\build\win32\debug\simpleanimationplayer.sbr
d:\cpp\simpsons\game\build\win32\debug\transitionplayer.sbr
d:\cpp\simpsons\game\build\win32\debug\tutorialmanager.sbr
d:\cpp\simpsons\game\build\win32\debug\animentitydsgmanager.sbr
d:\cpp\simpsons\game\build\win32\debug\breakablesmanager.sbr
d:\cpp\simpsons\game\build\win32\debug\boxpts.sbr
d:\cpp\simpsons\game\build\win32\debug\cell.sbr
d:\cpp\simpsons\game\build\win32\debug\cellblock.sbr
d:\cpp\simpsons\game\build\win32\debug\cellblock.obj
d:\cpp\simpsons\game\build\win32\debug\cell.obj
d:\cpp\simpsons\game\build\win32\debug\boxpts.obj
d:\cpp\simpsons\game\build\win32\debug\breakablesmanager.obj
d:\cpp\simpsons\game\build\win32\debug\animentitydsgmanager.obj
d:\cpp\simpsons\game\build\win32\debug\transitionplayer.obj
d:\cpp\simpsons\game\build\win32\debug\simpleanimationplayer.obj
d:\cpp\simpsons\game\build\win32\debug\transevent.obj
d:\cpp\simpsons\game\build\win32\debug\presentationevent.obj
d:\cpp\simpsons\game\build\win32\debug\nisevent.obj
d:\cpp\simpsons\game\build\win32\debug\fmvevent.obj
d:\cpp\simpsons\game\build\win32\debug\presentationanimator.obj
d:\cpp\simpsons\game\build\win32\debug\playerdrawable.obj
d:\cpp\simpsons\game\build\win32\debug\nisplayer.obj
d:\cpp\simpsons\game\build\win32\debug\mouthflapper.obj
d:\cpp\simpsons\game\build\win32\debug\language.obj
d:\cpp\simpsons\game\build\win32\debug\teletypetext.obj
d:\cpp\simpsons\game\build\win32\debug\coordsublist.sbr
d:\cpp\simpsons\game\build\win32\debug\culldata.sbr
d:\cpp\simpsons\game\build\win32\debug\hexahedronp.sbr
d:\cpp\simpsons\game\build\win32\debug\ispatialproxy.sbr
d:\cpp\simpsons\game\build\win32\debug\octtreedata.sbr
d:\cpp\simpsons\game\build\win32\debug\octtreenode.sbr
d:\cpp\simpsons\game\build\win32\debug\spatialtree.sbr
d:\cpp\simpsons\game\build\win32\debug\spatialtreeiter.sbr
d:\cpp\simpsons\game\build\win32\debug\spheresp.sbr
d:\cpp\simpsons\game\build\win32\debug\vectorlib.sbr
d:\cpp\simpsons\game\build\win32\debug\worldscene.sbr
d:\cpp\simpsons\game\build\win32\debug\animcollisionentitydsg.sbr
d:\cpp\simpsons\game\build\win32\debug\animentitydsg.sbr
d:\cpp\simpsons\game\build\win32\debug\breakableobjectdsg.sbr
d:\cpp\simpsons\game\build\win32\debug\collisionentitydsg.sbr
d:\cpp\simpsons\game\build\win32\debug\dsgfactory.sbr
d:\cpp\simpsons\game\build\win32\debug\dynaphysdsg.sbr
d:\cpp\simpsons\game\build\win32\debug\fenceentitydsg.sbr
d:\cpp\simpsons\game\build\win32\debug\ientitydsg.sbr
d:\cpp\simpsons\game\build\win32\debug\instanimdynaphysdsg.sbr
d:\cpp\simpsons\game\build\win32\debug\instanimdynaphysdsg.obj
d:\cpp\simpsons\game\build\win32\debug\ientitydsg.obj
d:\cpp\simpsons\game\build\win32\debug\fenceentitydsg.obj
d:\cpp\simpsons\game\build\win32\debug\dynaphysdsg.obj
d:\cpp\simpsons\game\build\win32\debug\dsgfactory.obj
d:\cpp\simpsons\game\build\win32\debug\collisionentitydsg.obj
d:\cpp\simpsons\game\build\win32\debug\breakableobjectdsg.obj
d:\cpp\simpsons\game\build\win32\debug\animentitydsg.obj
d:\cpp\simpsons\game\build\win32\debug\animcollisionentitydsg.obj
d:\cpp\simpsons\game\build\win32\debug\worldscene.obj
d:\cpp\simpsons\game\build\win32\debug\vectorlib.obj
d:\cpp\simpsons\game\build\win32\debug\spheresp.obj
d:\cpp\simpsons\game\build\win32\debug\spatialtreeiter.obj
d:\cpp\simpsons\game\build\win32\debug\spatialtree.obj
d:\cpp\simpsons\game\build\win32\debug\octtreenode.obj
d:\cpp\simpsons\game\build\win32\debug\octtreedata.obj
d:\cpp\simpsons\game\build\win32\debug\ispatialproxy.obj
d:\cpp\simpsons\game\build\win32\debug\hexahedronp.obj
d:\cpp\simpsons\game\build\win32\debug\culldata.obj
d:\cpp\simpsons\game\build\win32\debug\coordsublist.obj
d:\cpp\simpsons\game\build\win32\debug\instdynaphysdsg.sbr
d:\cpp\simpsons\game\build\win32\debug\inststatentitydsg.sbr
d:\cpp\simpsons\game\build\win32\debug\inststatphysdsg.sbr
d:\cpp\simpsons\game\build\win32\debug\intersectdsg.sbr
d:\cpp\simpsons\game\build\win32\debug\lensflaredsg.sbr
d:\cpp\simpsons\game\build\win32\debug\statepropdsg.sbr
d:\cpp\simpsons\game\build\win32\debug\staticentitydsg.sbr
d:\cpp\simpsons\game\build\win32\debug\staticphysdsg.sbr
d:\cpp\simpsons\game\build\win32\debug\tristripdsg.sbr
d:\cpp\simpsons\game\build\win32\debug\worldspheredsg.sbr
d:\cpp\simpsons\game\build\win32\debug\intersectmanager.sbr
d:\cpp\simpsons\game\build\win32\debug\allwrappers.sbr
d:\cpp\simpsons\game\build\win32\debug\animcollloader.sbr
d:\cpp\simpsons\game\build\win32\debug\animdsgloader.sbr
d:\cpp\simpsons\game\build\win32\debug\animdynaphysloader.sbr
d:\cpp\simpsons\game\build\win32\debug\billboardwrappedloader.sbr
d:\cpp\simpsons\game\build\win32\debug\breakableobjectloader.sbr
d:\cpp\simpsons\game\build\win32\debug\dynaphysloader.sbr
d:\cpp\simpsons\game\build\win32\debug\fenceloader.sbr
d:\cpp\simpsons\game\build\win32\debug\geometrywrappedloader.sbr
d:\cpp\simpsons\game\build\win32\debug\geometrywrappedloader.obj
d:\cpp\simpsons\game\build\win32\debug\fenceloader.obj
d:\cpp\simpsons\game\build\win32\debug\dynaphysloader.obj
d:\cpp\simpsons\game\build\win32\debug\breakableobjectloader.obj
d:\cpp\simpsons\game\build\win32\debug\billboardwrappedloader.obj
d:\cpp\simpsons\game\build\win32\debug\animdynaphysloader.obj
d:\cpp\simpsons\game\build\win32\debug\animdsgloader.obj
d:\cpp\simpsons\game\build\win32\debug\animcollloader.obj
d:\cpp\simpsons\game\build\win32\debug\allwrappers.obj
d:\cpp\simpsons\game\build\win32\debug\intersectmanager.obj
d:\cpp\simpsons\game\build\win32\debug\worldspheredsg.obj
d:\cpp\simpsons\game\build\win32\debug\tristripdsg.obj
d:\cpp\simpsons\game\build\win32\debug\staticphysdsg.obj
d:\cpp\simpsons\game\build\win32\debug\staticentitydsg.obj
d:\cpp\simpsons\game\build\win32\debug\statepropdsg.obj
d:\cpp\simpsons\game\build\win32\debug\lensflaredsg.obj
d:\cpp\simpsons\game\build\win32\debug\intersectdsg.obj
d:\cpp\simpsons\game\build\win32\debug\inststatphysdsg.obj
d:\cpp\simpsons\game\build\win32\debug\inststatentitydsg.obj
d:\cpp\simpsons\game\build\win32\debug\instdynaphysdsg.obj
d:\cpp\simpsons\game\build\win32\debug\instparticlesystemloader.sbr
d:\cpp\simpsons\game\build\win32\debug\inststatentityloader.sbr
d:\cpp\simpsons\game\build\win32\debug\inststatphysloader.sbr
d:\cpp\simpsons\game\build\win32\debug\intersectloader.sbr
d:\cpp\simpsons\game\build\win32\debug\lensflareloader.sbr
d:\cpp\simpsons\game\build\win32\debug\staticentityloader.sbr
d:\cpp\simpsons\game\build\win32\debug\staticphysloader.sbr
d:\cpp\simpsons\game\build\win32\debug\treedsgloader.sbr
d:\cpp\simpsons\game\build\win32\debug\worldsphereloader.sbr
d:\cpp\simpsons\game\build\win32\debug\particlemanager.sbr
d:\cpp\simpsons\game\build\win32\debug\particlesystemdsg.sbr
d:\cpp\simpsons\game\build\win32\debug\vehicleparticleemitter.sbr
d:\cpp\simpsons\game\build\win32\debug\renderflow.sbr
d:\cpp\simpsons\game\build\win32\debug\frontendrenderlayer.sbr
d:\cpp\simpsons\game\build\win32\debug\renderlayer.sbr
d:\cpp\simpsons\game\build\win32\debug\rendermanager.sbr
d:\cpp\simpsons\game\build\win32\debug\worldrenderlayer.sbr
d:\cpp\simpsons\game\build\win32\debug\geometry.sbr
d:\cpp\simpsons\game\build\win32\debug\intersection.sbr
d:\cpp\simpsons\game\build\win32\debug\lane.sbr
d:\cpp\simpsons\game\build\win32\debug\lane.obj
d:\cpp\simpsons\game\build\win32\debug\intersection.obj
d:\cpp\simpsons\game\build\win32\debug\geometry.obj
d:\cpp\simpsons\game\build\win32\debug\worldrenderlayer.obj
d:\cpp\simpsons\game\build\win32\debug\rendermanager.obj
d:\cpp\simpsons\game\build\win32\debug\renderlayer.obj
d:\cpp\simpsons\game\build\win32\debug\renderflow.obj
d:\cpp\simpsons\game\build\win32\debug\vehicleparticleemitter.obj
d:\cpp\simpsons\game\build\win32\debug\particlesystemdsg.obj
d:\cpp\simpsons\game\build\win32\debug\particlemanager.obj
d:\cpp\simpsons\game\build\win32\debug\worldsphereloader.obj
d:\cpp\simpsons\game\build\win32\debug\treedsgloader.obj
d:\cpp\simpsons\game\build\win32\debug\staticphysloader.obj
d:\cpp\simpsons\game\build\win32\debug\staticentityloader.obj
d:\cpp\simpsons\game\build\win32\debug\lensflareloader.obj
d:\cpp\simpsons\game\build\win32\debug\intersectloader.obj
d:\cpp\simpsons\game\build\win32\debug\inststatphysloader.obj
d:\cpp\simpsons\game\build\win32\debug\inststatentityloader.obj
d:\cpp\simpsons\game\build\win32\debug\instparticlesystemloader.obj
d:\cpp\simpsons\game\build\win32\debug\road.sbr
d:\cpp\simpsons\game\build\win32\debug\roadmanager.sbr
d:\cpp\simpsons\game\build\win32\debug\roadrender.sbr
d:\cpp\simpsons\game\build\win32\debug\roadrendertest.sbr
d:\cpp\simpsons\game\build\win32\debug\roadsegment.sbr
d:\cpp\simpsons\game\build\win32\debug\roadsegmentdata.sbr
d:\cpp\simpsons\game\build\win32\debug\trafficcontrol.sbr
d:\cpp\simpsons\game\build\win32\debug\avatarsoundplayer.sbr
d:\cpp\simpsons\game\build\win32\debug\carsoundparameters.sbr
d:\cpp\simpsons\game\build\win32\debug\soundavatar.sbr
d:\cpp\simpsons\game\build\win32\debug\vehiclesounddebugpage.sbr
d:\cpp\simpsons\game\build\win32\debug\vehiclesoundplayer.sbr
d:\cpp\simpsons\game\build\win32\debug\conversation.sbr
d:\cpp\simpsons\game\build\win32\debug\conversationmatcher.sbr
d:\cpp\simpsons\game\build\win32\debug\dialogcoordinator.sbr
d:\cpp\simpsons\game\build\win32\debug\dialogline.sbr
d:\cpp\simpsons\game\build\win32\debug\dialoglist.sbr
d:\cpp\simpsons\game\build\win32\debug\dialogpriorityqueue.sbr
d:\cpp\simpsons\game\build\win32\debug\dialogqueueelement.sbr
d:\cpp\simpsons\game\build\win32\debug\dialogselectiongroup.sbr
d:\cpp\simpsons\game\build\win32\debug\dialogselectiongroup.obj
d:\cpp\simpsons\game\build\win32\debug\dialogqueueelement.obj
d:\cpp\simpsons\game\build\win32\debug\dialogpriorityqueue.obj
d:\cpp\simpsons\game\build\win32\debug\dialoglist.obj
d:\cpp\simpsons\game\build\win32\debug\dialogline.obj
d:\cpp\simpsons\game\build\win32\debug\dialogcoordinator.obj
d:\cpp\simpsons\game\build\win32\debug\conversationmatcher.obj
d:\cpp\simpsons\game\build\win32\debug\conversation.obj
d:\cpp\simpsons\game\build\win32\debug\vehiclesoundplayer.obj
d:\cpp\simpsons\game\build\win32\debug\vehiclesounddebugpage.obj
d:\cpp\simpsons\game\build\win32\debug\soundavatar.obj
d:\cpp\simpsons\game\build\win32\debug\carsoundparameters.obj
d:\cpp\simpsons\game\build\win32\debug\avatarsoundplayer.obj
d:\cpp\simpsons\game\build\win32\debug\trafficcontrol.obj
d:\cpp\simpsons\game\build\win32\debug\roadsegmentdata.obj
d:\cpp\simpsons\game\build\win32\debug\roadsegment.obj
d:\cpp\simpsons\game\build\win32\debug\roadrendertest.obj
d:\cpp\simpsons\game\build\win32\debug\roadrender.obj
d:\cpp\simpsons\game\build\win32\debug\roadmanager.obj
d:\cpp\simpsons\game\build\win32\debug\road.obj
d:\cpp\simpsons\game\build\win32\debug\dialogsounddebugpage.sbr
d:\cpp\simpsons\game\build\win32\debug\playabledialog.sbr
d:\cpp\simpsons\game\build\win32\debug\selectabledialog.sbr
d:\cpp\simpsons\game\build\win32\debug\listener.sbr
d:\cpp\simpsons\game\build\win32\debug\actorplayer.sbr
d:\cpp\simpsons\game\build\win32\debug\aivehiclesoundplayer.sbr
d:\cpp\simpsons\game\build\win32\debug\animobjsoundplayer.sbr
d:\cpp\simpsons\game\build\win32\debug\avatarvehicleposnplayer.sbr
d:\cpp\simpsons\game\build\win32\debug\movingsoundmanager.sbr
d:\cpp\simpsons\game\build\win32\debug\platformsoundplayer.sbr
d:\cpp\simpsons\game\build\win32\debug\trafficsoundplayer.sbr
d:\cpp\simpsons\game\build\win32\debug\vehicleposnsoundplayer.sbr
d:\cpp\simpsons\game\build\win32\debug\waspsoundplayer.sbr
d:\cpp\simpsons\game\build\win32\debug\musicplayer.sbr
d:\cpp\simpsons\game\build\win32\debug\nissoundplayer.sbr
d:\cpp\simpsons\game\build\win32\debug\positionalsoundplayer.sbr
d:\cpp\simpsons\game\build\win32\debug\simpsonssoundplayer.sbr
d:\cpp\simpsons\game\build\win32\debug\soundcluster.sbr
d:\cpp\simpsons\game\build\win32\debug\sounddebugdisplay.sbr
d:\cpp\simpsons\game\build\win32\debug\sounddebugpage.sbr
d:\cpp\simpsons\game\build\win32\debug\sounddebugpage.obj
d:\cpp\simpsons\game\build\win32\debug\sounddebugdisplay.obj
d:\cpp\simpsons\game\build\win32\debug\soundcluster.obj
d:\cpp\simpsons\game\build\win32\debug\simpsonssoundplayer.obj
d:\cpp\simpsons\game\build\win32\debug\positionalsoundplayer.obj
d:\cpp\simpsons\game\build\win32\debug\nissoundplayer.obj
d:\cpp\simpsons\game\build\win32\debug\musicplayer.obj
d:\cpp\simpsons\game\build\win32\debug\waspsoundplayer.obj
d:\cpp\simpsons\game\build\win32\debug\vehicleposnsoundplayer.obj
d:\cpp\simpsons\game\build\win32\debug\trafficsoundplayer.obj
d:\cpp\simpsons\game\build\win32\debug\platformsoundplayer.obj
d:\cpp\simpsons\game\build\win32\debug\movingsoundmanager.obj
d:\cpp\simpsons\game\build\win32\debug\avatarvehicleposnplayer.obj
d:\cpp\simpsons\game\build\win32\debug\animobjsoundplayer.obj
d:\cpp\simpsons\game\build\win32\debug\aivehiclesoundplayer.obj
d:\cpp\simpsons\game\build\win32\debug\actorplayer.obj
d:\cpp\simpsons\game\build\win32\debug\listener.obj
d:\cpp\simpsons\game\build\win32\debug\selectabledialog.obj
d:\cpp\simpsons\game\build\win32\debug\playabledialog.obj
d:\cpp\simpsons\game\build\win32\debug\dialogsounddebugpage.obj
d:\cpp\simpsons\game\build\win32\debug\positionalsoundsettings.sbr
d:\cpp\simpsons\game\build\win32\debug\reverbcontroller.sbr
d:\cpp\simpsons\game\build\win32\debug\reverbsettings.sbr
d:\cpp\simpsons\game\build\win32\debug\soundeffectplayer.sbr
d:\cpp\simpsons\game\build\win32\debug\soundfxfrontendlogic.sbr
d:\cpp\simpsons\game\build\win32\debug\soundfxgameplaylogic.sbr
d:\cpp\simpsons\game\build\win32\debug\soundfxlogic.sbr
d:\cpp\simpsons\game\build\win32\debug\soundfxpauselogic.sbr
d:\cpp\simpsons\game\build\win32\debug\win32reverbcontroller.sbr
d:\cpp\simpsons\game\build\win32\debug\soundloader.sbr
d:\cpp\simpsons\game\build\win32\debug\soundmanager.sbr
d:\cpp\simpsons\game\build\win32\debug\soundrenderercallback.sbr
d:\cpp\simpsons\game\build\win32\debug\dasoundplayer.sbr
d:\cpp\simpsons\game\build\win32\debug\fader.sbr
d:\cpp\simpsons\game\build\win32\debug\musicsoundplayer.sbr
d:\cpp\simpsons\game\build\win32\debug\playermanager.sbr
d:\cpp\simpsons\game\build\win32\debug\soundallocatedresource.sbr
d:\cpp\simpsons\game\build\win32\debug\sounddynaload.sbr
d:\cpp\simpsons\game\build\win32\debug\soundnucleus.sbr
d:\cpp\simpsons\game\build\win32\debug\soundrenderingmanager.sbr
d:\cpp\simpsons\game\build\win32\debug\soundrenderingmanager.obj
d:\cpp\simpsons\game\build\win32\debug\soundnucleus.obj
d:\cpp\simpsons\game\build\win32\debug\sounddynaload.obj
d:\cpp\simpsons\game\build\win32\debug\soundallocatedresource.obj
d:\cpp\simpsons\game\build\win32\debug\playermanager.obj
d:\cpp\simpsons\game\build\win32\debug\musicsoundplayer.obj
d:\cpp\simpsons\game\build\win32\debug\fader.obj
d:\cpp\simpsons\game\build\win32\debug\dasoundplayer.obj
d:\cpp\simpsons\game\build\win32\debug\soundrenderercallback.obj
d:\cpp\simpsons\game\build\win32\debug\soundmanager.obj
d:\cpp\simpsons\game\build\win32\debug\soundloader.obj
d:\cpp\simpsons\game\build\win32\debug\win32reverbcontroller.obj
d:\cpp\simpsons\game\build\win32\debug\soundfxpauselogic.obj
d:\cpp\simpsons\game\build\win32\debug\soundfxlogic.obj
d:\cpp\simpsons\game\build\win32\debug\soundfxgameplaylogic.obj
d:\cpp\simpsons\game\build\win32\debug\soundfxfrontendlogic.obj
d:\cpp\simpsons\game\build\win32\debug\soundeffectplayer.obj
d:\cpp\simpsons\game\build\win32\debug\reverbsettings.obj
d:\cpp\simpsons\game\build\win32\debug\reverbcontroller.obj
d:\cpp\simpsons\game\build\win32\debug\positionalsoundsettings.obj
d:\cpp\simpsons\game\build\win32\debug\soundresource.sbr
d:\cpp\simpsons\game\build\win32\debug\soundresourcemanager.sbr
d:\cpp\simpsons\game\build\win32\debug\soundtuner.sbr
d:\cpp\simpsons\game\build\win32\debug\tunerdebugpage.sbr
d:\cpp\simpsons\game\build\win32\debug\wireplayers.sbr
d:\cpp\simpsons\game\build\win32\debug\wiresystem.sbr
d:\cpp\simpsons\game\build\win32\debug\globalsettings.sbr
d:\cpp\simpsons\game\build\win32\debug\stateprop.sbr
d:\cpp\simpsons\game\build\win32\debug\statepropdata.sbr
d:\cpp\simpsons\game\build\win32\debug\supersprintdata.sbr
d:\cpp\simpsons\game\build\win32\debug\supersprintmanager.sbr
d:\cpp\simpsons\game\build\win32\debug\avatar.sbr
d:\cpp\simpsons\game\build\win32\debug\avatarmanager.sbr
d:\cpp\simpsons\game\build\win32\debug\aicharactercontroller.sbr
d:\cpp\simpsons\game\build\win32\debug\character.sbr
d:\cpp\simpsons\game\build\win32\debug\charactercontroller.sbr
d:\cpp\simpsons\game\build\win32\debug\charactermanager.sbr
d:\cpp\simpsons\game\build\win32\debug\charactermappable.sbr
d:\cpp\simpsons\game\build\win32\debug\characterrenderable.sbr
d:\cpp\simpsons\game\build\win32\debug\charactertarget.sbr
d:\cpp\simpsons\game\build\win32\debug\charactertarget.obj
d:\cpp\simpsons\game\build\win32\debug\characterrenderable.obj
d:\cpp\simpsons\game\build\win32\debug\aicharactercontroller.obj
d:\cpp\simpsons\game\build\win32\debug\supersprintdata.obj
d:\cpp\simpsons\game\build\win32\debug\statepropdata.obj
d:\cpp\simpsons\game\build\win32\debug\stateprop.obj
d:\cpp\simpsons\game\build\win32\debug\globalsettings.obj
d:\cpp\simpsons\game\build\win32\debug\wiresystem.obj
d:\cpp\simpsons\game\build\win32\debug\wireplayers.obj
d:\cpp\simpsons\game\build\win32\debug\tunerdebugpage.obj
d:\cpp\simpsons\game\build\win32\debug\soundtuner.obj
d:\cpp\simpsons\game\build\win32\debug\soundresourcemanager.obj
d:\cpp\simpsons\game\build\win32\debug\soundresource.obj
d:\cpp\simpsons\game\build\win32\debug\footprintmanager.sbr
d:\cpp\simpsons\game\build\win32\debug\coinmanager.sbr
d:\cpp\simpsons\game\build\win32\debug\sparkle.sbr
d:\cpp\simpsons\game\build\win32\debug\groundplanepool.sbr
d:\cpp\simpsons\game\build\win32\debug\chasemanager.sbr
d:\cpp\simpsons\game\build\win32\debug\hitnrunmanager.sbr
d:\cpp\simpsons\game\build\win32\debug\huskpool.sbr
d:\cpp\simpsons\game\build\win32\debug\parkedcarmanager.sbr
d:\cpp\simpsons\game\build\win32\debug\pedestrian.sbr
d:\cpp\simpsons\game\build\win32\debug\pedestrianmanager.sbr
d:\cpp\simpsons\game\build\win32\debug\geometryvehicle.sbr
d:\cpp\simpsons\game\build\win32\debug\physicslocomotion.sbr
d:\cpp\simpsons\game\build\win32\debug\physicslocomotioncontrollerforces.sbr
d:\cpp\simpsons\game\build\win32\debug\redbrickcollisionsolveragent.sbr
d:\cpp\simpsons\game\build\win32\debug\rootmatrixdriver.sbr
d:\cpp\simpsons\game\build\win32\debug\suspensionjointdriver.sbr
d:\cpp\simpsons\game\build\win32\debug\trafficbodydrawable.sbr
d:\cpp\simpsons\game\build\win32\debug\trafficlocomotion.sbr
d:\cpp\simpsons\game\build\win32\debug\vehicle.sbr
d:\cpp\simpsons\game\build\win32\debug\aivehiclecontroller.sbr
d:\cpp\simpsons\game\build\win32\debug\aivehiclecontroller.obj
d:\cpp\simpsons\game\build\win32\debug\vehicle.obj
d:\cpp\simpsons\game\build\win32\debug\trafficlocomotion.obj
d:\cpp\simpsons\game\build\win32\debug\trafficbodydrawable.obj
d:\cpp\simpsons\game\build\win32\debug\suspensionjointdriver.obj
d:\cpp\simpsons\game\build\win32\debug\rootmatrixdriver.obj
d:\cpp\simpsons\game\build\win32\debug\redbrickcollisionsolveragent.obj
d:\cpp\simpsons\game\build\win32\debug\physicslocomotioncontrollerforces.obj
d:\cpp\simpsons\game\build\win32\debug\physicslocomotion.obj
d:\cpp\simpsons\game\build\win32\debug\geometryvehicle.obj
d:\cpp\simpsons\game\build\win32\debug\pedestrianmanager.obj
d:\cpp\simpsons\game\build\win32\debug\huskpool.obj
d:\cpp\simpsons\game\build\win32\debug\chasemanager.obj
d:\cpp\simpsons\game\build\win32\debug\groundplanepool.obj
d:\cpp\simpsons\game\build\win32\debug\sparkle.obj
d:\cpp\simpsons\game\build\win32\debug\coinmanager.obj
d:\cpp\simpsons\game\build\win32\debug\footprintmanager.obj
d:\cpp\simpsons\game\build\win32\debug\humanvehiclecontroller.sbr
d:\cpp\simpsons\game\build\win32\debug\vehiclecontroller.sbr
d:\cpp\simpsons\game\build\win32\debug\vehiclemappable.sbr
d:\cpp\simpsons\game\build\win32\debug\vehicleeventlistener.sbr
d:\cpp\simpsons\game\build\win32\debug\vehicleinit.sbr
d:\cpp\simpsons\game\build\win32\debug\vehiclelocomotion.sbr
d:\cpp\simpsons\game\build\win32\debug\wheel.sbr
d:\cpp\simpsons\game\build\win32\debug\skidmark.sbr
d:\cpp\simpsons\game\build\win32\debug\skidmarkgenerator.sbr
d:\cpp\simpsons\game\build\win32\debug\skidmarkmanager.sbr
d:\cpp\simpsons\game\build\win32\debug\spawnmanager.sbr
d:\cpp\simpsons\game\build\win32\debug\trafficmanager.sbr
d:\cpp\simpsons\game\build\win32\debug\vehiclecentral.sbr
d:\cpp\simpsons\game\build\win32\debug\worldcollisionsolveragent.sbr
d:\cpp\simpsons\game\build\win32\debug\worldobject.sbr
d:\cpp\simpsons\game\build\win32\debug\worldphysicsmanager.sbr
d:\cpp\simpsons\game\build\win32\debug\worldphysicsmanager.obj
d:\cpp\simpsons\game\build\win32\debug\worldobject.obj
d:\cpp\simpsons\game\build\win32\debug\worldcollisionsolveragent.obj
d:\cpp\simpsons\game\build\win32\debug\vehiclecentral.obj
d:\cpp\simpsons\game\build\win32\debug\trafficmanager.obj
d:\cpp\simpsons\game\build\win32\debug\spawnmanager.obj
d:\cpp\simpsons\game\build\win32\debug\skidmarkmanager.obj
d:\cpp\simpsons\game\build\win32\debug\skidmarkgenerator.obj
d:\cpp\simpsons\game\build\win32\debug\skidmark.obj
d:\cpp\simpsons\game\build\win32\debug\wheel.obj
d:\cpp\simpsons\game\build\win32\debug\vehiclelocomotion.obj
d:\cpp\simpsons\game\build\win32\debug\vehicleinit.obj
d:\cpp\simpsons\game\build\win32\debug\vehicleeventlistener.obj
d:\cpp\simpsons\game\build\win32\debug\vehiclemappable.obj
d:\cpp\simpsons\game\build\win32\debug\vehiclecontroller.obj
d:\cpp\simpsons\game\build\win32\debug\srr2.tlog\cl.command.1.tlog
d:\cpp\simpsons\game\build\win32\debug\srr2.tlog\cl.read.1.tlog
d:\cpp\simpsons\game\build\win32\debug\srr2.tlog\cl.write.1.tlog
