d:\cpp\simpsons\game\libs\radscript\build\win32\debug\radscript.bsc
d:\cpp\simpsons\game\libs\radscript\build\win32\debug\radscript.pch
d:\cpp\simpsons\game\libs\radscript\build\win32\debug\radscript.pdb
d:\cpp\simpsons\game\libs\radscript\build\win32\debug\radscript.idb
d:\cpp\simpsons\game\libs\radscript\build\win32\debug\pch.sbr
d:\cpp\simpsons\game\libs\radscript\build\win32\debug\pch.obj
d:\cpp\simpsons\game\libs\radscript\build\win32\debug\radfactory.sbr
d:\cpp\simpsons\game\libs\radscript\build\win32\debug\namespace.sbr
d:\cpp\simpsons\game\libs\radscript\build\win32\debug\remotescript.sbr
d:\cpp\simpsons\game\libs\radscript\build\win32\debug\script.sbr
d:\cpp\simpsons\game\libs\radscript\build\win32\debug\typeinfodistributor.sbr
d:\cpp\simpsons\game\libs\radscript\build\win32\debug\typeinfoutil.sbr
d:\cpp\simpsons\game\libs\radscript\build\win32\debug\typeinfoenum.sbr
d:\cpp\simpsons\game\libs\radscript\build\win32\debug\typeinfoinstance.sbr
d:\cpp\simpsons\game\libs\radscript\build\win32\debug\typeinfointerface.sbr
d:\cpp\simpsons\game\libs\radscript\build\win32\debug\typeinfointliteral.sbr
d:\cpp\simpsons\game\libs\radscript\build\win32\debug\typeinfoloader.sbr
d:\cpp\simpsons\game\libs\radscript\build\win32\debug\typeinfomethod.sbr
d:\cpp\simpsons\game\libs\radscript\build\win32\debug\typeinfoparam.sbr
d:\cpp\simpsons\game\libs\radscript\build\win32\debug\typeinfosystem.sbr
d:\cpp\simpsons\game\libs\radscript\build\win32\debug\win32typeinfovfcall.sbr
d:\cpp\simpsons\game\libs\radscript\build\win32\debug\win32typeinfovfcall.obj
d:\cpp\simpsons\game\libs\radscript\build\win32\debug\typeinfosystem.obj
d:\cpp\simpsons\game\libs\radscript\build\win32\debug\typeinfoparam.obj
d:\cpp\simpsons\game\libs\radscript\build\win32\debug\typeinfomethod.obj
d:\cpp\simpsons\game\libs\radscript\build\win32\debug\typeinfoloader.obj
d:\cpp\simpsons\game\libs\radscript\build\win32\debug\typeinfointliteral.obj
d:\cpp\simpsons\game\libs\radscript\build\win32\debug\typeinfointerface.obj
d:\cpp\simpsons\game\libs\radscript\build\win32\debug\typeinfoinstance.obj
d:\cpp\simpsons\game\libs\radscript\build\win32\debug\typeinfoenum.obj
d:\cpp\simpsons\game\libs\radscript\build\win32\debug\typeinfoutil.obj
d:\cpp\simpsons\game\libs\radscript\build\win32\debug\typeinfodistributor.obj
d:\cpp\simpsons\game\libs\radscript\build\win32\debug\script.obj
d:\cpp\simpsons\game\libs\radscript\build\win32\debug\remotescript.obj
d:\cpp\simpsons\game\libs\radscript\build\win32\debug\namespace.obj
d:\cpp\simpsons\game\libs\radscript\build\win32\debug\radfactory.obj
d:\cpp\simpsons\game\libs\radscript\lib\radscriptwd.lib
d:\cpp\simpsons\game\libs\radscript\build\win32\debug\radscript.tlog\bscmake.command.1.tlog
d:\cpp\simpsons\game\libs\radscript\build\win32\debug\radscript.tlog\bscmake.read.1.tlog
d:\cpp\simpsons\game\libs\radscript\build\win32\debug\radscript.tlog\bscmake.write.1.tlog
d:\cpp\simpsons\game\libs\radscript\build\win32\debug\radscript.tlog\cl.command.1.tlog
d:\cpp\simpsons\game\libs\radscript\build\win32\debug\radscript.tlog\cl.items.tlog
d:\cpp\simpsons\game\libs\radscript\build\win32\debug\radscript.tlog\cl.read.1.tlog
d:\cpp\simpsons\game\libs\radscript\build\win32\debug\radscript.tlog\cl.write.1.tlog
d:\cpp\simpsons\game\libs\radscript\build\win32\debug\radscript.tlog\lib-link.read.1.tlog
d:\cpp\simpsons\game\libs\radscript\build\win32\debug\radscript.tlog\lib-link.write.1.tlog
d:\cpp\simpsons\game\libs\radscript\build\win32\debug\radscript.tlog\lib.command.1.tlog
