d:\cpp\simpsons\game\libs\radcore\build\win32\debug\radcore.pch
d:\cpp\simpsons\game\libs\radcore\build\win32\debug\radcore.pdb
d:\cpp\simpsons\game\libs\radcore\build\win32\debug\radcore.idb
d:\cpp\simpsons\game\libs\radcore\build\win32\debug\pch.sbr
d:\cpp\simpsons\game\libs\radcore\build\win32\debug\pch.obj
d:\cpp\simpsons\game\libs\radcore\build\win32\debug\rad1394master.sbr
d:\cpp\simpsons\game\libs\radcore\build\win32\debug\directinputcontroller.sbr
d:\cpp\simpsons\game\libs\radcore\build\win32\debug\host.sbr
d:\cpp\simpsons\game\libs\radcore\build\win32\debug\host1394socket.sbr
d:\cpp\simpsons\game\libs\radcore\build\win32\debug\hostchannel.sbr
d:\cpp\simpsons\game\libs\radcore\build\win32\debug\hosthiosocket.sbr
d:\cpp\simpsons\game\libs\radcore\build\win32\debug\targetconnection.sbr
d:\cpp\simpsons\game\libs\radcore\build\win32\debug\targetsocketchannel.sbr
d:\cpp\simpsons\game\libs\radcore\build\win32\debug\targetx.sbr
d:\cpp\simpsons\game\libs\radcore\build\win32\debug\consoleclient.sbr
d:\cpp\simpsons\game\libs\radcore\build\win32\debug\fileserver.sbr
d:\cpp\simpsons\game\libs\radcore\build\win32\debug\watchclient.sbr
d:\cpp\simpsons\game\libs\radcore\build\win32\debug\debug.sbr
d:\cpp\simpsons\game\libs\radcore\build\win32\debug\dispatcher.sbr
d:\cpp\simpsons\game\libs\radcore\build\win32\debug\cementer.sbr
d:\cpp\simpsons\game\libs\radcore\build\win32\debug\drive.sbr
d:\cpp\simpsons\game\libs\radcore\build\win32\debug\drivethread.sbr
d:\cpp\simpsons\game\libs\radcore\build\win32\debug\file.sbr
d:\cpp\simpsons\game\libs\radcore\build\win32\debug\filecache.sbr
d:\cpp\simpsons\game\libs\radcore\build\win32\debug\filesystem.sbr
d:\cpp\simpsons\game\libs\radcore\build\win32\debug\filecache.obj
d:\cpp\simpsons\game\libs\radcore\build\win32\debug\file.obj
d:\cpp\simpsons\game\libs\radcore\build\win32\debug\drivethread.obj
d:\cpp\simpsons\game\libs\radcore\build\win32\debug\drive.obj
d:\cpp\simpsons\game\libs\radcore\build\win32\debug\cementer.obj
d:\cpp\simpsons\game\libs\radcore\build\win32\debug\dispatcher.obj
d:\cpp\simpsons\game\libs\radcore\build\win32\debug\watchclient.obj
d:\cpp\simpsons\game\libs\radcore\build\win32\debug\fileserver.obj
d:\cpp\simpsons\game\libs\radcore\build\win32\debug\consoleclient.obj
d:\cpp\simpsons\game\libs\radcore\build\win32\debug\targetx.obj
d:\cpp\simpsons\game\libs\radcore\build\win32\debug\targetsocketchannel.obj
d:\cpp\simpsons\game\libs\radcore\build\win32\debug\targetconnection.obj
d:\cpp\simpsons\game\libs\radcore\build\win32\debug\hosthiosocket.obj
d:\cpp\simpsons\game\libs\radcore\build\win32\debug\hostchannel.obj
d:\cpp\simpsons\game\libs\radcore\build\win32\debug\host1394socket.obj
d:\cpp\simpsons\game\libs\radcore\build\win32\debug\host.obj
d:\cpp\simpsons\game\libs\radcore\build\win32\debug\directinputcontroller.obj
d:\cpp\simpsons\game\libs\radcore\build\win32\debug\rad1394master.obj
d:\cpp\simpsons\game\libs\radcore\build\win32\debug\instancedrive.sbr
d:\cpp\simpsons\game\libs\radcore\build\win32\debug\platformdrives.sbr
d:\cpp\simpsons\game\libs\radcore\build\win32\debug\radfile.sbr
d:\cpp\simpsons\game\libs\radcore\build\win32\debug\remotedrive.sbr
d:\cpp\simpsons\game\libs\radcore\build\win32\debug\requests.sbr
d:\cpp\simpsons\game\libs\radcore\build\win32\debug\win32drive.sbr
d:\cpp\simpsons\game\libs\radcore\build\win32\debug\radkey.sbr
d:\cpp\simpsons\game\libs\radcore\build\win32\debug\memmonitorclient.sbr
d:\cpp\simpsons\game\libs\radcore\build\win32\debug\memmonitorclienthelp.sbr
d:\cpp\simpsons\game\libs\radcore\build\win32\debug\align.sbr
d:\cpp\simpsons\game\libs\radcore\build\win32\debug\binallocator.sbr
d:\cpp\simpsons\game\libs\radcore\build\win32\debug\dlheap.sbr
d:\cpp\simpsons\game\libs\radcore\build\win32\debug\externalmemoryheap.sbr
d:\cpp\simpsons\game\libs\radcore\build\win32\debug\externalmemoryobject.sbr
d:\cpp\simpsons\game\libs\radcore\build\win32\debug\memorymanager.sbr
d:\cpp\simpsons\game\libs\radcore\build\win32\debug\memoryobject.sbr
d:\cpp\simpsons\game\libs\radcore\build\win32\debug\memorypool.sbr
d:\cpp\simpsons\game\libs\radcore\build\win32\debug\memoryspacewin32.sbr
d:\cpp\simpsons\game\libs\radcore\build\win32\debug\platalloc.sbr
d:\cpp\simpsons\game\libs\radcore\build\win32\debug\staticheap.sbr
d:\cpp\simpsons\game\libs\radcore\build\win32\debug\staticheap.obj
d:\cpp\simpsons\game\libs\radcore\build\win32\debug\platalloc.obj
d:\cpp\simpsons\game\libs\radcore\build\win32\debug\memoryspacewin32.obj
d:\cpp\simpsons\game\libs\radcore\build\win32\debug\memorypool.obj
d:\cpp\simpsons\game\libs\radcore\build\win32\debug\memoryobject.obj
d:\cpp\simpsons\game\libs\radcore\build\win32\debug\memorymanager.obj
d:\cpp\simpsons\game\libs\radcore\build\win32\debug\externalmemoryobject.obj
d:\cpp\simpsons\game\libs\radcore\build\win32\debug\externalmemoryheap.obj
d:\cpp\simpsons\game\libs\radcore\build\win32\debug\dlheap.obj
d:\cpp\simpsons\game\libs\radcore\build\win32\debug\binallocator.obj
d:\cpp\simpsons\game\libs\radcore\build\win32\debug\align.obj
d:\cpp\simpsons\game\libs\radcore\build\win32\debug\memmonitorclienthelp.obj
d:\cpp\simpsons\game\libs\radcore\build\win32\debug\memmonitorclient.obj
d:\cpp\simpsons\game\libs\radcore\build\win32\debug\radkey.obj
d:\cpp\simpsons\game\libs\radcore\build\win32\debug\win32drive.obj
d:\cpp\simpsons\game\libs\radcore\build\win32\debug\requests.obj
d:\cpp\simpsons\game\libs\radcore\build\win32\debug\remotedrive.obj
d:\cpp\simpsons\game\libs\radcore\build\win32\debug\radfile.obj
d:\cpp\simpsons\game\libs\radcore\build\win32\debug\platformdrives.obj
d:\cpp\simpsons\game\libs\radcore\build\win32\debug\instancedrive.obj
d:\cpp\simpsons\game\libs\radcore\build\win32\debug\trackingheap.sbr
d:\cpp\simpsons\game\libs\radcore\build\win32\debug\twowayallocator.sbr
d:\cpp\simpsons\game\libs\radcore\build\win32\debug\objectavltree.sbr
d:\cpp\simpsons\game\libs\radcore\build\win32\debug\objectbtree.sbr
d:\cpp\simpsons\game\libs\radcore\build\win32\debug\dynamicarray.sbr
d:\cpp\simpsons\game\libs\radcore\build\win32\debug\objectlist.sbr
d:\cpp\simpsons\game\libs\radcore\build\win32\debug\weakcallbackwrapper.sbr
d:\cpp\simpsons\game\libs\radcore\build\win32\debug\weakinterfacewrapper.sbr
d:\cpp\simpsons\game\libs\radcore\build\win32\debug\object.sbr
d:\cpp\simpsons\game\libs\radcore\build\win32\debug\platform.sbr
d:\cpp\simpsons\game\libs\radcore\build\win32\debug\profiler.sbr
d:\cpp\simpsons\game\libs\radcore\build\win32\debug\profiler2.sbr
d:\cpp\simpsons\game\libs\radcore\build\win32\debug\profilesample.sbr
d:\cpp\simpsons\game\libs\radcore\build\win32\debug\functionlist.sbr
d:\cpp\simpsons\game\libs\radcore\build\win32\debug\remotecommandserver.sbr
d:\cpp\simpsons\game\libs\radcore\build\win32\debug\remotecommandtarget.sbr
d:\cpp\simpsons\game\libs\radcore\build\win32\debug\stacktrace.sbr
d:\cpp\simpsons\game\libs\radcore\build\win32\debug\simplestat.sbr
d:\cpp\simpsons\game\libs\radcore\build\win32\debug\statmanager.sbr
d:\cpp\simpsons\game\libs\radcore\build\win32\debug\string.sbr
d:\cpp\simpsons\game\libs\radcore\build\win32\debug\string.obj
d:\cpp\simpsons\game\libs\radcore\build\win32\debug\statmanager.obj
d:\cpp\simpsons\game\libs\radcore\build\win32\debug\simplestat.obj
d:\cpp\simpsons\game\libs\radcore\build\win32\debug\stacktrace.obj
d:\cpp\simpsons\game\libs\radcore\build\win32\debug\remotecommandtarget.obj
d:\cpp\simpsons\game\libs\radcore\build\win32\debug\remotecommandserver.obj
d:\cpp\simpsons\game\libs\radcore\build\win32\debug\functionlist.obj
d:\cpp\simpsons\game\libs\radcore\build\win32\debug\profilesample.obj
d:\cpp\simpsons\game\libs\radcore\build\win32\debug\profiler2.obj
d:\cpp\simpsons\game\libs\radcore\build\win32\debug\profiler.obj
d:\cpp\simpsons\game\libs\radcore\build\win32\debug\platform.obj
d:\cpp\simpsons\game\libs\radcore\build\win32\debug\object.obj
d:\cpp\simpsons\game\libs\radcore\build\win32\debug\weakinterfacewrapper.obj
d:\cpp\simpsons\game\libs\radcore\build\win32\debug\weakcallbackwrapper.obj
d:\cpp\simpsons\game\libs\radcore\build\win32\debug\objectlist.obj
d:\cpp\simpsons\game\libs\radcore\build\win32\debug\dynamicarray.obj
d:\cpp\simpsons\game\libs\radcore\build\win32\debug\objectbtree.obj
d:\cpp\simpsons\game\libs\radcore\build\win32\debug\objectavltree.obj
d:\cpp\simpsons\game\libs\radcore\build\win32\debug\twowayallocator.obj
d:\cpp\simpsons\game\libs\radcore\build\win32\debug\trackingheap.obj
d:\cpp\simpsons\game\libs\radcore\build\win32\debug\textdisplay.sbr
d:\cpp\simpsons\game\libs\radcore\build\win32\debug\mutex.sbr
d:\cpp\simpsons\game\libs\radcore\build\win32\debug\semaphore.sbr
d:\cpp\simpsons\game\libs\radcore\build\win32\debug\system.sbr
d:\cpp\simpsons\game\libs\radcore\build\win32\debug\thread.sbr
d:\cpp\simpsons\game\libs\radcore\build\win32\debug\stopwatch.sbr
d:\cpp\simpsons\game\libs\radcore\build\win32\debug\time.sbr
d:\cpp\simpsons\game\libs\radcore\build\win32\debug\time.obj
d:\cpp\simpsons\game\libs\radcore\build\win32\debug\stopwatch.obj
d:\cpp\simpsons\game\libs\radcore\build\win32\debug\thread.obj
d:\cpp\simpsons\game\libs\radcore\build\win32\debug\system.obj
d:\cpp\simpsons\game\libs\radcore\build\win32\debug\semaphore.obj
d:\cpp\simpsons\game\libs\radcore\build\win32\debug\mutex.obj
d:\cpp\simpsons\game\libs\radcore\build\win32\debug\textdisplay.obj
d:\cpp\simpsons\game\libs\radcore\build\win32\debug\radcore.tlog\cl.command.1.tlog
d:\cpp\simpsons\game\libs\radcore\build\win32\debug\radcore.tlog\cl.read.1.tlog
d:\cpp\simpsons\game\libs\radcore\build\win32\debug\radcore.tlog\cl.write.1.tlog
