d:\cpp\simpsons\game\libs\radmusic\build\win32\debug\radmusic.bsc
d:\cpp\simpsons\game\libs\radmusic\build\win32\debug\radmusic.pch
d:\cpp\simpsons\game\libs\radmusic\build\win32\debug\radmusic.pdb
d:\cpp\simpsons\game\libs\radmusic\build\win32\debug\radmusic.idb
d:\cpp\simpsons\game\libs\radmusic\build\win32\debug\pch.sbr
d:\cpp\simpsons\game\libs\radmusic\build\win32\debug\pch.obj
d:\cpp\simpsons\game\libs\radmusic\build\win32\debug\memory.sbr
d:\cpp\simpsons\game\libs\radmusic\build\win32\debug\ods.sbr
d:\cpp\simpsons\game\libs\radmusic\build\win32\debug\ods_codegen.sbr
d:\cpp\simpsons\game\libs\radmusic\build\win32\debug\ods_memory.sbr
d:\cpp\simpsons\game\libs\radmusic\build\win32\debug\ods_parser.sbr
d:\cpp\simpsons\game\libs\radmusic\build\win32\debug\ods_util.sbr
d:\cpp\simpsons\game\libs\radmusic\build\win32\debug\framework.sbr
d:\cpp\simpsons\game\libs\radmusic\build\win32\debug\music_composition.sbr
d:\cpp\simpsons\game\libs\radmusic\build\win32\debug\music_engine.sbr
d:\cpp\simpsons\game\libs\radmusic\build\win32\debug\music_engine_state_fade.sbr
d:\cpp\simpsons\game\libs\radmusic\build\win32\debug\music_engine_state_steady.sbr
d:\cpp\simpsons\game\libs\radmusic\build\win32\debug\music_engine_state_stitch.sbr
d:\cpp\simpsons\game\libs\radmusic\build\win32\debug\music_engine_state_stopped.sbr
d:\cpp\simpsons\game\libs\radmusic\build\win32\debug\music_performance.sbr
d:\cpp\simpsons\game\libs\radmusic\build\win32\debug\resource_manager.sbr
d:\cpp\simpsons\game\libs\radmusic\build\win32\debug\schema_util.sbr
d:\cpp\simpsons\game\libs\radmusic\build\win32\debug\sequence_player.sbr
d:\cpp\simpsons\game\libs\radmusic\build\win32\debug\sequence_region.sbr
d:\cpp\simpsons\game\libs\radmusic\build\win32\debug\sequence_stream_graph.sbr
d:\cpp\simpsons\game\libs\radmusic\build\win32\debug\sequence_stream_graph.obj
d:\cpp\simpsons\game\libs\radmusic\build\win32\debug\sequence_region.obj
d:\cpp\simpsons\game\libs\radmusic\build\win32\debug\sequence_player.obj
d:\cpp\simpsons\game\libs\radmusic\build\win32\debug\schema_util.obj
d:\cpp\simpsons\game\libs\radmusic\build\win32\debug\resource_manager.obj
d:\cpp\simpsons\game\libs\radmusic\build\win32\debug\music_performance.obj
d:\cpp\simpsons\game\libs\radmusic\build\win32\debug\music_engine_state_stopped.obj
d:\cpp\simpsons\game\libs\radmusic\build\win32\debug\music_engine_state_stitch.obj
d:\cpp\simpsons\game\libs\radmusic\build\win32\debug\music_engine_state_steady.obj
d:\cpp\simpsons\game\libs\radmusic\build\win32\debug\music_engine_state_fade.obj
d:\cpp\simpsons\game\libs\radmusic\build\win32\debug\music_engine.obj
d:\cpp\simpsons\game\libs\radmusic\build\win32\debug\music_composition.obj
d:\cpp\simpsons\game\libs\radmusic\build\win32\debug\framework.obj
d:\cpp\simpsons\game\libs\radmusic\build\win32\debug\ods_util.obj
d:\cpp\simpsons\game\libs\radmusic\build\win32\debug\ods_parser.obj
d:\cpp\simpsons\game\libs\radmusic\build\win32\debug\ods_memory.obj
d:\cpp\simpsons\game\libs\radmusic\build\win32\debug\ods_codegen.obj
d:\cpp\simpsons\game\libs\radmusic\build\win32\debug\ods.obj
d:\cpp\simpsons\game\libs\radmusic\build\win32\debug\memory.obj
d:\cpp\simpsons\game\libs\radmusic\lib\radmusicwd.lib
d:\cpp\simpsons\game\libs\radmusic\build\win32\debug\radmusic.tlog\bscmake.command.1.tlog
d:\cpp\simpsons\game\libs\radmusic\build\win32\debug\radmusic.tlog\bscmake.read.1.tlog
d:\cpp\simpsons\game\libs\radmusic\build\win32\debug\radmusic.tlog\bscmake.write.1.tlog
d:\cpp\simpsons\game\libs\radmusic\build\win32\debug\radmusic.tlog\cl.command.1.tlog
d:\cpp\simpsons\game\libs\radmusic\build\win32\debug\radmusic.tlog\cl.items.tlog
d:\cpp\simpsons\game\libs\radmusic\build\win32\debug\radmusic.tlog\cl.read.1.tlog
d:\cpp\simpsons\game\libs\radmusic\build\win32\debug\radmusic.tlog\cl.write.1.tlog
d:\cpp\simpsons\game\libs\radmusic\build\win32\debug\radmusic.tlog\lib-link.read.1.tlog
d:\cpp\simpsons\game\libs\radmusic\build\win32\debug\radmusic.tlog\lib-link.write.1.tlog
d:\cpp\simpsons\game\libs\radmusic\build\win32\debug\radmusic.tlog\lib.command.1.tlog
