  pch.cpp
  memory.cpp
  ods.cpp
D:\CPP\Simpsons\game\libs\radmusic\src\memory\memory.cpp(67,9): warning C4996: 'strncpy': This function or variable may be unsafe. Consider using strncpy_s instead. To disable deprecation, use _CRT_SECURE_NO_WARNINGS. See online help for details.
D:\CPP\Simpsons\game\libs\radmusic\src\memory\memory.cpp(120,13): warning C4996: 'strncpy': This function or variable may be unsafe. Consider using strncpy_s instead. To disable deprecation, use _CRT_SECURE_NO_WARNINGS. See online help for details.
D:\CPP\Simpsons\game\libs\radmusic\src\ods\ods.cpp(654,5): warning C4996: 'sprintf': This function or variable may be unsafe. Consider using sprintf_s instead. To disable deprecation, use _CRT_SECURE_NO_WARNINGS. See online help for details.
D:\CPP\Simpsons\game\libs\radmusic\src\ods\ods.cpp(662,5): warning C4996: 'sprintf': This function or variable may be unsafe. Consider using sprintf_s instead. To disable deprecation, use _CRT_SECURE_NO_WARNINGS. See online help for details.
D:\CPP\Simpsons\game\libs\radmusic\src\ods\ods.cpp(667,5): warning C4996: 'sprintf': This function or variable may be unsafe. Consider using sprintf_s instead. To disable deprecation, use _CRT_SECURE_NO_WARNINGS. See online help for details.
D:\CPP\Simpsons\game\libs\radmusic\src\ods\ods.cpp(672,5): warning C4996: 'sprintf': This function or variable may be unsafe. Consider using sprintf_s instead. To disable deprecation, use _CRT_SECURE_NO_WARNINGS. See online help for details.
D:\CPP\Simpsons\game\libs\radmusic\src\ods\ods.cpp(677,5): warning C4996: 'sprintf': This function or variable may be unsafe. Consider using sprintf_s instead. To disable deprecation, use _CRT_SECURE_NO_WARNINGS. See online help for details.
D:\CPP\Simpsons\game\libs\radmusic\src\ods\ods.cpp(691,5): warning C4996: 'sprintf': This function or variable may be unsafe. Consider using sprintf_s instead. To disable deprecation, use _CRT_SECURE_NO_WARNINGS. See online help for details.
D:\CPP\Simpsons\game\libs\radmusic\src\ods\ods.cpp(827,5): warning C4996: 'sprintf': This function or variable may be unsafe. Consider using sprintf_s instead. To disable deprecation, use _CRT_SECURE_NO_WARNINGS. See online help for details.
D:\CPP\Simpsons\game\libs\radmusic\src\ods\ods.cpp(834,5): warning C4996: 'sprintf': This function or variable may be unsafe. Consider using sprintf_s instead. To disable deprecation, use _CRT_SECURE_NO_WARNINGS. See online help for details.
D:\CPP\Simpsons\game\libs\radmusic\src\ods\ods.cpp(886,5): warning C4996: 'sprintf': This function or variable may be unsafe. Consider using sprintf_s instead. To disable deprecation, use _CRT_SECURE_NO_WARNINGS. See online help for details.
D:\CPP\Simpsons\game\libs\radmusic\src\ods\ods.cpp(924,5): warning C4996: 'sprintf': This function or variable may be unsafe. Consider using sprintf_s instead. To disable deprecation, use _CRT_SECURE_NO_WARNINGS. See online help for details.
D:\CPP\Simpsons\game\libs\radmusic\src\ods\ods.cpp(1222,9): warning C4996: 'strcpy': This function or variable may be unsafe. Consider using strcpy_s instead. To disable deprecation, use _CRT_SECURE_NO_WARNINGS. See online help for details.
D:\CPP\Simpsons\game\libs\radmusic\src\ods\ods.cpp(1693,13): warning C4996: 'sprintf': This function or variable may be unsafe. Consider using sprintf_s instead. To disable deprecation, use _CRT_SECURE_NO_WARNINGS. See online help for details.
D:\CPP\Simpsons\game\libs\radmusic\src\ods\ods.cpp(1694,13): warning C4996: 'strncat': This function or variable may be unsafe. Consider using strncat_s instead. To disable deprecation, use _CRT_SECURE_NO_WARNINGS. See online help for details.
D:\CPP\Simpsons\game\libs\radmusic\src\ods\ods.cpp(1700,13): warning C4996: 'sprintf': This function or variable may be unsafe. Consider using sprintf_s instead. To disable deprecation, use _CRT_SECURE_NO_WARNINGS. See online help for details.
D:\CPP\Simpsons\game\libs\radmusic\src\ods\ods.cpp(1703,17): warning C4996: 'strncat': This function or variable may be unsafe. Consider using strncat_s instead. To disable deprecation, use _CRT_SECURE_NO_WARNINGS. See online help for details.
D:\CPP\Simpsons\game\libs\radmusic\src\ods\ods.cpp(1942,9): warning C4996: 'strcpy': This function or variable may be unsafe. Consider using strcpy_s instead. To disable deprecation, use _CRT_SECURE_NO_WARNINGS. See online help for details.
D:\CPP\Simpsons\game\libs\radmusic\src\ods\ods.cpp(1943,9): warning C4996: 'strcat': This function or variable may be unsafe. Consider using strcat_s instead. To disable deprecation, use _CRT_SECURE_NO_WARNINGS. See online help for details.
D:\CPP\Simpsons\game\libs\radmusic\src\ods\ods.cpp(1947,13): warning C4996: 'strcat': This function or variable may be unsafe. Consider using strcat_s instead. To disable deprecation, use _CRT_SECURE_NO_WARNINGS. See online help for details.
D:\CPP\Simpsons\game\libs\radmusic\src\ods\ods.cpp(1959,17): warning C4996: 'strcat': This function or variable may be unsafe. Consider using strcat_s instead. To disable deprecation, use _CRT_SECURE_NO_WARNINGS. See online help for details.
  ods_codegen.cpp
D:\CPP\Simpsons\game\libs\radmusic\src\ods\ods_codegen.cpp(55,30): warning C4996: 'strncpy': This function or variable may be unsafe. Consider using strncpy_s instead. To disable deprecation, use _CRT_SECURE_NO_WARNINGS. See online help for details.
D:\CPP\Simpsons\game\libs\radmusic\src\ods\ods_codegen.cpp(56,30): warning C4996: 'strncpy': This function or variable may be unsafe. Consider using strncpy_s instead. To disable deprecation, use _CRT_SECURE_NO_WARNINGS. See online help for details.
D:\CPP\Simpsons\game\libs\radmusic\src\ods\ods_codegen.cpp(57,30): warning C4996: 'strncpy': This function or variable may be unsafe. Consider using strncpy_s instead. To disable deprecation, use _CRT_SECURE_NO_WARNINGS. See online help for details.
D:\CPP\Simpsons\game\libs\radmusic\src\ods\ods_codegen.cpp(58,30): warning C4996: 'strncpy': This function or variable may be unsafe. Consider using strncpy_s instead. To disable deprecation, use _CRT_SECURE_NO_WARNINGS. See online help for details.
D:\CPP\Simpsons\game\libs\radmusic\src\ods\ods_codegen.cpp(59,30): warning C4996: 'strncpy': This function or variable may be unsafe. Consider using strncpy_s instead. To disable deprecation, use _CRT_SECURE_NO_WARNINGS. See online help for details.
D:\CPP\Simpsons\game\libs\radmusic\src\ods\ods_codegen.cpp(65,13): warning C4996: 'sprintf': This function or variable may be unsafe. Consider using sprintf_s instead. To disable deprecation, use _CRT_SECURE_NO_WARNINGS. See online help for details.
D:\CPP\Simpsons\game\libs\radmusic\src\ods\ods_codegen.cpp(74,13): warning C4996: 'sprintf': This function or variable may be unsafe. Consider using sprintf_s instead. To disable deprecation, use _CRT_SECURE_NO_WARNINGS. See online help for details.
  ods_memory.cpp
D:\CPP\Simpsons\game\libs\radmusic\src\ods\ods_memory.cpp(175,5): warning C4996: 'strncpy': This function or variable may be unsafe. Consider using strncpy_s instead. To disable deprecation, use _CRT_SECURE_NO_WARNINGS. See online help for details.
D:\CPP\Simpsons\game\libs\radmusic\src\ods\ods_memory.cpp(926,9): warning C4996: 'strncpy': This function or variable may be unsafe. Consider using strncpy_s instead. To disable deprecation, use _CRT_SECURE_NO_WARNINGS. See online help for details.
D:\CPP\Simpsons\game\libs\radmusic\src\ods\ods_memory.cpp(964,12): warning C4996: 'fopen': This function or variable may be unsafe. Consider using fopen_s instead. To disable deprecation, use _CRT_SECURE_NO_WARNINGS. See online help for details.
D:\CPP\Simpsons\game\libs\radmusic\src\ods\ods_memory.cpp(1177,16): warning C4996: '_vsnprintf': This function or variable may be unsafe. Consider using _vsnprintf_s instead. To disable deprecation, use _CRT_SECURE_NO_WARNINGS. See online help for details.
  ods_parser.cpp
  ods_util.cpp
  framework.cpp
  music_composition.cpp
  music_engine.cpp
D:\CPP\Simpsons\game\libs\radcore\inc\radobjectlist.hpp(84,3): warning C4996: 'sprintf': This function or variable may be unsafe. Consider using sprintf_s instead. To disable deprecation, use _CRT_SECURE_NO_WARNINGS. See online help for details.
D:\CPP\Simpsons\game\libs\radcore\inc\radobjectlist.hpp(154,5): warning C4996: 'sprintf': This function or variable may be unsafe. Consider using sprintf_s instead. To disable deprecation, use _CRT_SECURE_NO_WARNINGS. See online help for details.
D:\CPP\Simpsons\game\libs\radmusic\src\radmusic\music\music_engine.cpp(318,9): warning C4996: 'strncpy': This function or variable may be unsafe. Consider using strncpy_s instead. To disable deprecation, use _CRT_SECURE_NO_WARNINGS. See online help for details.
D:\CPP\Simpsons\game\libs\radmusic\src\radmusic\music\music_engine.cpp(322,9): warning C4996: 'strncpy': This function or variable may be unsafe. Consider using strncpy_s instead. To disable deprecation, use _CRT_SECURE_NO_WARNINGS. See online help for details.
  music_engine_state_fade.cpp
D:\CPP\Simpsons\game\libs\radcore\inc\radobjectlist.hpp(84,3): warning C4996: 'sprintf': This function or variable may be unsafe. Consider using sprintf_s instead. To disable deprecation, use _CRT_SECURE_NO_WARNINGS. See online help for details.
D:\CPP\Simpsons\game\libs\radcore\inc\radobjectlist.hpp(154,5): warning C4996: 'sprintf': This function or variable may be unsafe. Consider using sprintf_s instead. To disable deprecation, use _CRT_SECURE_NO_WARNINGS. See online help for details.
  music_engine_state_steady.cpp
D:\CPP\Simpsons\game\libs\radcore\inc\radobjectlist.hpp(84,3): warning C4996: 'sprintf': This function or variable may be unsafe. Consider using sprintf_s instead. To disable deprecation, use _CRT_SECURE_NO_WARNINGS. See online help for details.
D:\CPP\Simpsons\game\libs\radcore\inc\radobjectlist.hpp(154,5): warning C4996: 'sprintf': This function or variable may be unsafe. Consider using sprintf_s instead. To disable deprecation, use _CRT_SECURE_NO_WARNINGS. See online help for details.
  music_engine_state_stitch.cpp
D:\CPP\Simpsons\game\libs\radcore\inc\radobjectlist.hpp(84,3): warning C4996: 'sprintf': This function or variable may be unsafe. Consider using sprintf_s instead. To disable deprecation, use _CRT_SECURE_NO_WARNINGS. See online help for details.
D:\CPP\Simpsons\game\libs\radcore\inc\radobjectlist.hpp(154,5): warning C4996: 'sprintf': This function or variable may be unsafe. Consider using sprintf_s instead. To disable deprecation, use _CRT_SECURE_NO_WARNINGS. See online help for details.
D:\CPP\Simpsons\game\libs\radmusic\src\radmusic\music\music_engine_state_stitch.cpp(142,9): warning C4996: 'strncpy': This function or variable may be unsafe. Consider using strncpy_s instead. To disable deprecation, use _CRT_SECURE_NO_WARNINGS. See online help for details.
  music_engine_state_stopped.cpp
D:\CPP\Simpsons\game\libs\radcore\inc\radobjectlist.hpp(84,3): warning C4996: 'sprintf': This function or variable may be unsafe. Consider using sprintf_s instead. To disable deprecation, use _CRT_SECURE_NO_WARNINGS. See online help for details.
D:\CPP\Simpsons\game\libs\radcore\inc\radobjectlist.hpp(154,5): warning C4996: 'sprintf': This function or variable may be unsafe. Consider using sprintf_s instead. To disable deprecation, use _CRT_SECURE_NO_WARNINGS. See online help for details.
  music_performance.cpp
D:\CPP\Simpsons\game\libs\radcore\inc\radobjectlist.hpp(84,3): warning C4996: 'sprintf': This function or variable may be unsafe. Consider using sprintf_s instead. To disable deprecation, use _CRT_SECURE_NO_WARNINGS. See online help for details.
D:\CPP\Simpsons\game\libs\radcore\inc\radobjectlist.hpp(154,5): warning C4996: 'sprintf': This function or variable may be unsafe. Consider using sprintf_s instead. To disable deprecation, use _CRT_SECURE_NO_WARNINGS. See online help for details.
  resource_manager.cpp
D:\CPP\Simpsons\game\libs\radmusic\src\radmusic\resource\resource_manager.cpp(314,5): warning C4996: 'strncpy': This function or variable may be unsafe. Consider using strncpy_s instead. To disable deprecation, use _CRT_SECURE_NO_WARNINGS. See online help for details.
D:\CPP\Simpsons\game\libs\radmusic\src\radmusic\resource\resource_manager.cpp(483,5): warning C4996: 'strncpy': This function or variable may be unsafe. Consider using strncpy_s instead. To disable deprecation, use _CRT_SECURE_NO_WARNINGS. See online help for details.
D:\CPP\Simpsons\game\libs\radmusic\src\radmusic\resource\resource_manager.cpp(484,5): warning C4996: 'strncat': This function or variable may be unsafe. Consider using strncat_s instead. To disable deprecation, use _CRT_SECURE_NO_WARNINGS. See online help for details.
D:\CPP\Simpsons\game\libs\radmusic\src\radmusic\resource\resource_manager.cpp(485,5): warning C4996: 'strncat': This function or variable may be unsafe. Consider using strncat_s instead. To disable deprecation, use _CRT_SECURE_NO_WARNINGS. See online help for details.
D:\CPP\Simpsons\game\libs\radmusic\src\radmusic\resource\resource_manager.cpp(772,9): warning C4996: 'strcpy': This function or variable may be unsafe. Consider using strcpy_s instead. To disable deprecation, use _CRT_SECURE_NO_WARNINGS. See online help for details.
  schema_util.cpp
D:\CPP\Simpsons\game\libs\radmusic\src\radmusic\schema\schema_util.cpp(165,9): warning C4996: 'sprintf': This function or variable may be unsafe. Consider using sprintf_s instead. To disable deprecation, use _CRT_SECURE_NO_WARNINGS. See online help for details.
D:\CPP\Simpsons\game\libs\radmusic\src\radmusic\schema\schema_util.cpp(179,9): warning C4996: 'strcpy': This function or variable may be unsafe. Consider using strcpy_s instead. To disable deprecation, use _CRT_SECURE_NO_WARNINGS. See online help for details.
D:\CPP\Simpsons\game\libs\radmusic\src\radmusic\schema\schema_util.cpp(184,9): warning C4996: 'sprintf': This function or variable may be unsafe. Consider using sprintf_s instead. To disable deprecation, use _CRT_SECURE_NO_WARNINGS. See online help for details.
D:\CPP\Simpsons\game\libs\radmusic\src\radmusic\schema\schema_util.cpp(198,9): warning C4996: 'strcpy': This function or variable may be unsafe. Consider using strcpy_s instead. To disable deprecation, use _CRT_SECURE_NO_WARNINGS. See online help for details.
D:\CPP\Simpsons\game\libs\radmusic\src\radmusic\schema\schema_util.cpp(208,9): warning C4996: 'strcpy': This function or variable may be unsafe. Consider using strcpy_s instead. To disable deprecation, use _CRT_SECURE_NO_WARNINGS. See online help for details.
D:\CPP\Simpsons\game\libs\radmusic\src\radmusic\schema\schema_util.cpp(209,9): warning C4996: 'strcat': This function or variable may be unsafe. Consider using strcat_s instead. To disable deprecation, use _CRT_SECURE_NO_WARNINGS. See online help for details.
D:\CPP\Simpsons\game\libs\radmusic\src\radmusic\schema\schema_util.cpp(210,9): warning C4996: 'strcat': This function or variable may be unsafe. Consider using strcat_s instead. To disable deprecation, use _CRT_SECURE_NO_WARNINGS. See online help for details.
D:\CPP\Simpsons\game\libs\radmusic\src\radmusic\schema\schema_util.cpp(211,9): warning C4996: 'strcat': This function or variable may be unsafe. Consider using strcat_s instead. To disable deprecation, use _CRT_SECURE_NO_WARNINGS. See online help for details.
D:\CPP\Simpsons\game\libs\radmusic\src\radmusic\schema\schema_util.cpp(212,9): warning C4996: 'strcat': This function or variable may be unsafe. Consider using strcat_s instead. To disable deprecation, use _CRT_SECURE_NO_WARNINGS. See online help for details.
D:\CPP\Simpsons\game\libs\radmusic\src\radmusic\schema\schema_util.cpp(213,9): warning C4996: 'strcat': This function or variable may be unsafe. Consider using strcat_s instead. To disable deprecation, use _CRT_SECURE_NO_WARNINGS. See online help for details.
D:\CPP\Simpsons\game\libs\radmusic\src\radmusic\schema\schema_util.cpp(217,9): warning C4996: 'strcpy': This function or variable may be unsafe. Consider using strcpy_s instead. To disable deprecation, use _CRT_SECURE_NO_WARNINGS. See online help for details.
D:\CPP\Simpsons\game\libs\radmusic\src\radmusic\schema\schema_util.cpp(250,17): warning C4996: 'sprintf': This function or variable may be unsafe. Consider using sprintf_s instead. To disable deprecation, use _CRT_SECURE_NO_WARNINGS. See online help for details.
D:\CPP\Simpsons\game\libs\radmusic\src\radmusic\schema\schema_util.cpp(252,17): warning C4996: 'strncat': This function or variable may be unsafe. Consider using strncat_s instead. To disable deprecation, use _CRT_SECURE_NO_WARNINGS. See online help for details.
D:\CPP\Simpsons\game\libs\radmusic\src\radmusic\schema\schema_util.cpp(379,5): warning C4996: 'strncpy': This function or variable may be unsafe. Consider using strncpy_s instead. To disable deprecation, use _CRT_SECURE_NO_WARNINGS. See online help for details.
  sequence_player.cpp
D:\CPP\Simpsons\game\libs\radcore\inc\radobjectlist.hpp(84,3): warning C4996: 'sprintf': This function or variable may be unsafe. Consider using sprintf_s instead. To disable deprecation, use _CRT_SECURE_NO_WARNINGS. See online help for details.
D:\CPP\Simpsons\game\libs\radcore\inc\radobjectlist.hpp(154,5): warning C4996: 'sprintf': This function or variable may be unsafe. Consider using sprintf_s instead. To disable deprecation, use _CRT_SECURE_NO_WARNINGS. See online help for details.
  sequence_region.cpp
D:\CPP\Simpsons\game\libs\radcore\inc\radobjectlist.hpp(84,3): warning C4996: 'sprintf': This function or variable may be unsafe. Consider using sprintf_s instead. To disable deprecation, use _CRT_SECURE_NO_WARNINGS. See online help for details.
D:\CPP\Simpsons\game\libs\radcore\inc\radobjectlist.hpp(154,5): warning C4996: 'sprintf': This function or variable may be unsafe. Consider using sprintf_s instead. To disable deprecation, use _CRT_SECURE_NO_WARNINGS. See online help for details.
D:\CPP\Simpsons\game\libs\radmusic\src\radmusic\sequence\sequence_region.cpp(70,9): warning C4996: 'sprintf': This function or variable may be unsafe. Consider using sprintf_s instead. To disable deprecation, use _CRT_SECURE_NO_WARNINGS. See online help for details.
  sequence_stream_graph.cpp
  Generating Code...
C:\Program Files\Microsoft Visual Studio\2022\Community\MSBuild\Microsoft\VC\v170\Microsoft.CppBuild.targets(1554,5): warning MSB8012: TargetPath(D:\CPP\Simpsons\game\libs\radmusic\build\win32\Debug\radmusic.lib) does not match the Library's OutputFile property value (D:\CPP\Simpsons\game\libs\radmusic\lib\radmusicwd.lib). This may cause your project to build incorrectly. To correct this, please make sure that $(OutDir), $(TargetName) and $(TargetExt) property values match the value specified in %(Lib.OutputFile).
C:\Program Files\Microsoft Visual Studio\2022\Community\MSBuild\Microsoft\VC\v170\Microsoft.CppBuild.targets(1556,5): warning MSB8012: TargetName(radmusic) does not match the Library's OutputFile property value (radmusicwd). This may cause your project to build incorrectly. To correct this, please make sure that $(OutDir), $(TargetName) and $(TargetExt) property values match the value specified in %(Lib.OutputFile).
  radmusic.vcxproj -> D:\CPP\Simpsons\game\libs\radmusic\build\win32\Debug\radmusic.lib
