d:\cpp\simpsons\game\libs\scrooby\build\win32\debug\scroobylib.bsc
d:\cpp\simpsons\game\libs\scrooby\build\win32\debug\scroobylib.pdb
d:\cpp\simpsons\game\libs\scrooby\build\win32\debug\scroobylib.idb
d:\cpp\simpsons\game\libs\scrooby\build\win32\debug\feapp.sbr
d:\cpp\simpsons\game\libs\scrooby\build\win32\debug\feboundeddrawable.sbr
d:\cpp\simpsons\game\libs\scrooby\build\win32\debug\fechunkhandler.sbr
d:\cpp\simpsons\game\libs\scrooby\build\win32\debug\fedrawable.sbr
d:\cpp\simpsons\game\libs\scrooby\build\win32\debug\feentity.sbr
d:\cpp\simpsons\game\libs\scrooby\build\win32\debug\fegroup.sbr
d:\cpp\simpsons\game\libs\scrooby\build\win32\debug\felanguage.sbr
d:\cpp\simpsons\game\libs\scrooby\build\win32\debug\felayer.sbr
d:\cpp\simpsons\game\libs\scrooby\build\win32\debug\feloaders.sbr
d:\cpp\simpsons\game\libs\scrooby\build\win32\debug\femovie.sbr
d:\cpp\simpsons\game\libs\scrooby\build\win32\debug\feowner.sbr
d:\cpp\simpsons\game\libs\scrooby\build\win32\debug\fepage.sbr
d:\cpp\simpsons\game\libs\scrooby\build\win32\debug\feparent.sbr
d:\cpp\simpsons\game\libs\scrooby\build\win32\debug\fepolygon.sbr
d:\cpp\simpsons\game\libs\scrooby\build\win32\debug\feproject.sbr
d:\cpp\simpsons\game\libs\scrooby\build\win32\debug\fepure3dobject.sbr
d:\cpp\simpsons\game\libs\scrooby\build\win32\debug\fescreen.sbr
d:\cpp\simpsons\game\libs\scrooby\build\win32\debug\fesprite.sbr
d:\cpp\simpsons\game\libs\scrooby\build\win32\debug\fetext.sbr
d:\cpp\simpsons\game\libs\scrooby\build\win32\debug\fetextbible.sbr
d:\cpp\simpsons\game\libs\scrooby\build\win32\debug\fetextbible.obj
d:\cpp\simpsons\game\libs\scrooby\build\win32\debug\fetext.obj
d:\cpp\simpsons\game\libs\scrooby\build\win32\debug\fesprite.obj
d:\cpp\simpsons\game\libs\scrooby\build\win32\debug\fescreen.obj
d:\cpp\simpsons\game\libs\scrooby\build\win32\debug\fepure3dobject.obj
d:\cpp\simpsons\game\libs\scrooby\build\win32\debug\feproject.obj
d:\cpp\simpsons\game\libs\scrooby\build\win32\debug\fepolygon.obj
d:\cpp\simpsons\game\libs\scrooby\build\win32\debug\feparent.obj
d:\cpp\simpsons\game\libs\scrooby\build\win32\debug\fepage.obj
d:\cpp\simpsons\game\libs\scrooby\build\win32\debug\feowner.obj
d:\cpp\simpsons\game\libs\scrooby\build\win32\debug\femovie.obj
d:\cpp\simpsons\game\libs\scrooby\build\win32\debug\feloaders.obj
d:\cpp\simpsons\game\libs\scrooby\build\win32\debug\felayer.obj
d:\cpp\simpsons\game\libs\scrooby\build\win32\debug\felanguage.obj
d:\cpp\simpsons\game\libs\scrooby\build\win32\debug\fegroup.obj
d:\cpp\simpsons\game\libs\scrooby\build\win32\debug\feentity.obj
d:\cpp\simpsons\game\libs\scrooby\build\win32\debug\fedrawable.obj
d:\cpp\simpsons\game\libs\scrooby\build\win32\debug\fechunkhandler.obj
d:\cpp\simpsons\game\libs\scrooby\build\win32\debug\feboundeddrawable.obj
d:\cpp\simpsons\game\libs\scrooby\build\win32\debug\feapp.obj
d:\cpp\simpsons\game\libs\scrooby\build\win32\debug\fetextstyle.sbr
d:\cpp\simpsons\game\libs\scrooby\build\win32\debug\feresourcemanager.sbr
d:\cpp\simpsons\game\libs\scrooby\build\win32\debug\app.sbr
d:\cpp\simpsons\game\libs\scrooby\build\win32\debug\pcstring.sbr
d:\cpp\simpsons\game\libs\scrooby\build\win32\debug\stricmp.sbr
d:\cpp\simpsons\game\libs\scrooby\build\win32\debug\unicodestring.sbr
d:\cpp\simpsons\game\libs\scrooby\build\win32\debug\tlineartable.sbr
d:\cpp\simpsons\game\libs\scrooby\build\win32\debug\asyncfileloader.sbr
d:\cpp\simpsons\game\libs\scrooby\build\win32\debug\bufferreader.sbr
d:\cpp\simpsons\game\libs\scrooby\build\win32\debug\debugmessages.sbr
d:\cpp\simpsons\game\libs\scrooby\build\win32\debug\enumconversion.sbr
d:\cpp\simpsons\game\libs\scrooby\build\win32\debug\xmlparser.sbr
d:\cpp\simpsons\game\libs\scrooby\build\win32\debug\xmltree.sbr
d:\cpp\simpsons\game\libs\scrooby\build\win32\debug\xmltree.obj
d:\cpp\simpsons\game\libs\scrooby\build\win32\debug\xmlparser.obj
d:\cpp\simpsons\game\libs\scrooby\build\win32\debug\enumconversion.obj
d:\cpp\simpsons\game\libs\scrooby\build\win32\debug\debugmessages.obj
d:\cpp\simpsons\game\libs\scrooby\build\win32\debug\bufferreader.obj
d:\cpp\simpsons\game\libs\scrooby\build\win32\debug\asyncfileloader.obj
d:\cpp\simpsons\game\libs\scrooby\build\win32\debug\tlineartable.obj
d:\cpp\simpsons\game\libs\scrooby\build\win32\debug\unicodestring.obj
d:\cpp\simpsons\game\libs\scrooby\build\win32\debug\stricmp.obj
d:\cpp\simpsons\game\libs\scrooby\build\win32\debug\pcstring.obj
d:\cpp\simpsons\game\libs\scrooby\build\win32\debug\app.obj
d:\cpp\simpsons\game\libs\scrooby\build\win32\debug\feresourcemanager.obj
d:\cpp\simpsons\game\libs\scrooby\build\win32\debug\fetextstyle.obj
d:\cpp\simpsons\game\libs\scrooby\lib\scroobywd.lib
d:\cpp\simpsons\game\libs\scrooby\build\win32\debug\scroobylib.tlog\bscmake.command.1.tlog
d:\cpp\simpsons\game\libs\scrooby\build\win32\debug\scroobylib.tlog\bscmake.read.1.tlog
d:\cpp\simpsons\game\libs\scrooby\build\win32\debug\scroobylib.tlog\bscmake.write.1.tlog
d:\cpp\simpsons\game\libs\scrooby\build\win32\debug\scroobylib.tlog\cl.command.1.tlog
d:\cpp\simpsons\game\libs\scrooby\build\win32\debug\scroobylib.tlog\cl.items.tlog
d:\cpp\simpsons\game\libs\scrooby\build\win32\debug\scroobylib.tlog\cl.read.1.tlog
d:\cpp\simpsons\game\libs\scrooby\build\win32\debug\scroobylib.tlog\cl.write.1.tlog
d:\cpp\simpsons\game\libs\scrooby\build\win32\debug\scroobylib.tlog\lib-link.read.1.tlog
d:\cpp\simpsons\game\libs\scrooby\build\win32\debug\scroobylib.tlog\lib-link.write.1.tlog
d:\cpp\simpsons\game\libs\scrooby\build\win32\debug\scroobylib.tlog\lib.command.1.tlog
