d:\cpp\simpsons\game\libs\pure3d\build\win32\obj\pure3d\debug\ambientlight.obj
d:\cpp\simpsons\game\libs\pure3d\build\win32\obj\pure3d\debug\animate.obj
d:\cpp\simpsons\game\libs\pure3d\build\win32\obj\pure3d\debug\animatedobject.obj
d:\cpp\simpsons\game\libs\pure3d\build\win32\obj\pure3d\debug\billboardobject.obj
d:\cpp\simpsons\game\libs\pure3d\build\win32\obj\pure3d\debug\billboardobjectanimation.obj
d:\cpp\simpsons\game\libs\pure3d\build\win32\obj\pure3d\debug\bmp.obj
d:\cpp\simpsons\game\libs\pure3d\build\win32\obj\pure3d\debug\camera.obj
d:\cpp\simpsons\game\libs\pure3d\build\win32\obj\pure3d\debug\cameraanimation.obj
d:\cpp\simpsons\game\libs\pure3d\build\win32\obj\pure3d\debug\cameraloader.obj
d:\cpp\simpsons\game\libs\pure3d\build\win32\obj\pure3d\debug\channel.obj
d:\cpp\simpsons\game\libs\pure3d\build\win32\obj\pure3d\debug\chunkfile.obj
d:\cpp\simpsons\game\libs\pure3d\build\win32\obj\pure3d\debug\compositedrawable.obj
d:\cpp\simpsons\game\libs\pure3d\build\win32\obj\pure3d\debug\context.obj
d:\cpp\simpsons\game\libs\pure3d\build\win32\obj\pure3d\debug\debugdraw.obj
d:\cpp\simpsons\game\libs\pure3d\build\win32\obj\pure3d\debug\directionallight.obj
d:\cpp\simpsons\game\libs\pure3d\build\win32\obj\pure3d\debug\displaylist.obj
d:\cpp\simpsons\game\libs\pure3d\build\win32\obj\pure3d\debug\drawable.obj
d:\cpp\simpsons\game\libs\pure3d\build\win32\obj\pure3d\debug\drawablepose.obj
d:\cpp\simpsons\game\libs\pure3d\build\win32\obj\pure3d\debug\dxtn.obj
d:\cpp\simpsons\game\libs\pure3d\build\win32\obj\pure3d\debug\effect.obj
d:\cpp\simpsons\game\libs\pure3d\build\win32\obj\pure3d\debug\entity.obj
d:\cpp\simpsons\game\libs\pure3d\build\win32\obj\pure3d\debug\error.obj
d:\cpp\simpsons\game\libs\pure3d\build\win32\obj\pure3d\debug\event.obj
d:\cpp\simpsons\game\libs\pure3d\build\win32\obj\pure3d\debug\eventanimation.obj
d:\cpp\simpsons\game\libs\pure3d\build\win32\obj\pure3d\debug\expression.obj
d:\cpp\simpsons\game\libs\pure3d\build\win32\obj\pure3d\debug\expressionanimation.obj
d:\cpp\simpsons\game\libs\pure3d\build\win32\obj\pure3d\debug\expressionoffsets.obj
d:\cpp\simpsons\game\libs\pure3d\build\win32\obj\pure3d\debug\file.obj
d:\cpp\simpsons\game\libs\pure3d\build\win32\obj\pure3d\debug\fileftt.obj
d:\cpp\simpsons\game\libs\pure3d\build\win32\obj\pure3d\debug\font.obj
d:\cpp\simpsons\game\libs\pure3d\build\win32\obj\pure3d\debug\gameattr.obj
d:\cpp\simpsons\game\libs\pure3d\build\win32\obj\pure3d\debug\geometry.obj
d:\cpp\simpsons\game\libs\pure3d\build\win32\obj\pure3d\debug\image.obj
d:\cpp\simpsons\game\libs\pure3d\build\win32\obj\pure3d\debug\imageconverter.obj
d:\cpp\simpsons\game\libs\pure3d\build\win32\obj\pure3d\debug\imagefactory.obj
d:\cpp\simpsons\game\libs\pure3d\build\win32\obj\pure3d\debug\imagefont.obj
d:\cpp\simpsons\game\libs\pure3d\build\win32\obj\pure3d\debug\instancedgeometry.obj
d:\cpp\simpsons\game\libs\pure3d\build\win32\obj\pure3d\debug\inventory.obj
d:\cpp\simpsons\game\libs\pure3d\build\win32\obj\pure3d\debug\light.obj
d:\cpp\simpsons\game\libs\pure3d\build\win32\obj\pure3d\debug\lightanimation.obj
d:\cpp\simpsons\game\libs\pure3d\build\win32\obj\pure3d\debug\lightloader.obj
d:\cpp\simpsons\game\libs\pure3d\build\win32\obj\pure3d\debug\lightschooser.obj
d:\cpp\simpsons\game\libs\pure3d\build\win32\obj\pure3d\debug\loaders.obj
d:\cpp\simpsons\game\libs\pure3d\build\win32\obj\pure3d\debug\loadmanager.obj
d:\cpp\simpsons\game\libs\pure3d\build\win32\obj\pure3d\debug\locator.obj
d:\cpp\simpsons\game\libs\pure3d\build\win32\obj\pure3d\debug\lzr.obj
d:\cpp\simpsons\game\libs\pure3d\build\win32\obj\pure3d\debug\matrixstack.obj
d:\cpp\simpsons\game\libs\pure3d\build\win32\obj\pure3d\debug\memheap.obj
d:\cpp\simpsons\game\libs\pure3d\build\win32\obj\pure3d\debug\memory.obj
d:\cpp\simpsons\game\libs\pure3d\build\win32\obj\pure3d\debug\memorysection.obj
d:\cpp\simpsons\game\libs\pure3d\build\win32\obj\pure3d\debug\multicontroller.obj
d:\cpp\simpsons\game\libs\pure3d\build\win32\obj\pure3d\debug\nodeanimation.obj
d:\cpp\simpsons\game\libs\pure3d\build\win32\obj\pure3d\debug\optic.obj
d:\cpp\simpsons\game\libs\pure3d\build\win32\obj\pure3d\debug\opticlensflare.obj
d:\cpp\simpsons\game\libs\pure3d\build\win32\obj\pure3d\debug\opticloader.obj
d:\cpp\simpsons\game\libs\pure3d\build\win32\obj\pure3d\debug\particlearray.obj
d:\cpp\simpsons\game\libs\pure3d\build\win32\obj\pure3d\debug\particleemitter.obj
d:\cpp\simpsons\game\libs\pure3d\build\win32\obj\pure3d\debug\particlegenerator.obj
d:\cpp\simpsons\game\libs\pure3d\build\win32\obj\pure3d\debug\particleloader.obj
d:\cpp\simpsons\game\libs\pure3d\build\win32\obj\pure3d\debug\particlepool.obj
d:\cpp\simpsons\game\libs\pure3d\build\win32\obj\pure3d\debug\particlesystem.obj
d:\cpp\simpsons\game\libs\pure3d\build\win32\obj\pure3d\debug\particletype.obj
d:\cpp\simpsons\game\libs\pure3d\build\win32\obj\pure3d\debug\particleutility.obj
d:\cpp\simpsons\game\libs\pure3d\build\win32\obj\pure3d\debug\plat_filemap.obj
d:\cpp\simpsons\game\libs\pure3d\build\win32\obj\pure3d\debug\png.obj
d:\cpp\simpsons\game\libs\pure3d\build\win32\obj\pure3d\debug\pointcamera.obj
d:\cpp\simpsons\game\libs\pure3d\build\win32\obj\pure3d\debug\pointlight.obj
d:\cpp\simpsons\game\libs\pure3d\build\win32\obj\pure3d\debug\polyskin.obj
d:\cpp\simpsons\game\libs\pure3d\build\win32\obj\pure3d\debug\pose.obj
d:\cpp\simpsons\game\libs\pure3d\build\win32\obj\pure3d\debug\poseanimation.obj
d:\cpp\simpsons\game\libs\pure3d\build\win32\obj\pure3d\debug\primgroup.obj
d:\cpp\simpsons\game\libs\pure3d\build\win32\obj\pure3d\debug\rawimage.obj
d:\cpp\simpsons\game\libs\pure3d\build\win32\obj\pure3d\debug\refcounted.obj
d:\cpp\simpsons\game\libs\pure3d\build\win32\obj\pure3d\debug\scenegraph.obj
d:\cpp\simpsons\game\libs\pure3d\build\win32\obj\pure3d\debug\sequencer.obj
d:\cpp\simpsons\game\libs\pure3d\build\win32\obj\pure3d\debug\shader.obj
d:\cpp\simpsons\game\libs\pure3d\build\win32\obj\pure3d\debug\shaderanimation.obj
d:\cpp\simpsons\game\libs\pure3d\build\win32\obj\pure3d\debug\shadow_common.obj
d:\cpp\simpsons\game\libs\pure3d\build\win32\obj\pure3d\debug\shadow_generic.obj
d:\cpp\simpsons\game\libs\pure3d\build\win32\obj\pure3d\debug\skeleton.obj
d:\cpp\simpsons\game\libs\pure3d\build\win32\obj\pure3d\debug\spotlight.obj
d:\cpp\simpsons\game\libs\pure3d\build\win32\obj\pure3d\debug\sprite.obj
d:\cpp\simpsons\game\libs\pure3d\build\win32\obj\pure3d\debug\table.obj
d:\cpp\simpsons\game\libs\pure3d\build\win32\obj\pure3d\debug\targa.obj
d:\cpp\simpsons\game\libs\pure3d\build\win32\obj\pure3d\debug\textdataparser.obj
d:\cpp\simpsons\game\libs\pure3d\build\win32\obj\pure3d\debug\textstring.obj
d:\cpp\simpsons\game\libs\pure3d\build\win32\obj\pure3d\debug\texture.obj
d:\cpp\simpsons\game\libs\pure3d\build\win32\obj\pure3d\debug\textureanimation.obj
d:\cpp\simpsons\game\libs\pure3d\build\win32\obj\pure3d\debug\texturefont.obj
d:\cpp\simpsons\game\libs\pure3d\build\win32\obj\pure3d\debug\transitionmanager.obj
d:\cpp\simpsons\game\libs\pure3d\build\win32\obj\pure3d\debug\unicode.obj
d:\cpp\simpsons\game\libs\pure3d\build\win32\obj\pure3d\debug\utility.obj
d:\cpp\simpsons\game\libs\pure3d\build\win32\obj\pure3d\debug\vectorcamera.obj
d:\cpp\simpsons\game\libs\pure3d\build\win32\obj\pure3d\debug\vertexanimcontroller.obj
d:\cpp\simpsons\game\libs\pure3d\build\win32\obj\pure3d\debug\vertexanimkey.obj
d:\cpp\simpsons\game\libs\pure3d\build\win32\obj\pure3d\debug\vertexanimobject.obj
d:\cpp\simpsons\game\libs\pure3d\build\win32\obj\pure3d\debug\vertexlist.obj
d:\cpp\simpsons\game\libs\pure3d\build\win32\obj\pure3d\debug\vertexoffsetexpression.obj
d:\cpp\simpsons\game\libs\pure3d\build\win32\obj\pure3d\debug\view.obj
d:\cpp\simpsons\game\libs\pure3d\build\win32\obj\pure3d\debug\visibilityanimation.obj
d:\cpp\simpsons\game\libs\pure3d\build\win32\obj\pure3d\debug\pure3d.pdb
d:\cpp\simpsons\game\libs\pure3d\build\win32\obj\pure3d\debug\ambientlight.sbr
d:\cpp\simpsons\game\libs\pure3d\build\win32\obj\pure3d\debug\animate.sbr
d:\cpp\simpsons\game\libs\pure3d\build\win32\obj\pure3d\debug\animatedobject.sbr
d:\cpp\simpsons\game\libs\pure3d\build\win32\obj\pure3d\debug\billboardobject.sbr
d:\cpp\simpsons\game\libs\pure3d\build\win32\obj\pure3d\debug\billboardobjectanimation.sbr
d:\cpp\simpsons\game\libs\pure3d\build\win32\obj\pure3d\debug\bmp.sbr
d:\cpp\simpsons\game\libs\pure3d\build\win32\obj\pure3d\debug\camera.sbr
d:\cpp\simpsons\game\libs\pure3d\build\win32\obj\pure3d\debug\cameraanimation.sbr
d:\cpp\simpsons\game\libs\pure3d\build\win32\obj\pure3d\debug\cameraloader.sbr
d:\cpp\simpsons\game\libs\pure3d\build\win32\obj\pure3d\debug\channel.sbr
d:\cpp\simpsons\game\libs\pure3d\build\win32\obj\pure3d\debug\chunkfile.sbr
d:\cpp\simpsons\game\libs\pure3d\build\win32\obj\pure3d\debug\compositedrawable.sbr
d:\cpp\simpsons\game\libs\pure3d\build\win32\obj\pure3d\debug\context.sbr
d:\cpp\simpsons\game\libs\pure3d\build\win32\obj\pure3d\debug\debugdraw.sbr
d:\cpp\simpsons\game\libs\pure3d\build\win32\obj\pure3d\debug\directionallight.sbr
d:\cpp\simpsons\game\libs\pure3d\build\win32\obj\pure3d\debug\displaylist.sbr
d:\cpp\simpsons\game\libs\pure3d\build\win32\obj\pure3d\debug\drawable.sbr
d:\cpp\simpsons\game\libs\pure3d\build\win32\obj\pure3d\debug\drawablepose.sbr
d:\cpp\simpsons\game\libs\pure3d\build\win32\obj\pure3d\debug\dxtn.sbr
d:\cpp\simpsons\game\libs\pure3d\build\win32\obj\pure3d\debug\effect.sbr
d:\cpp\simpsons\game\libs\pure3d\build\win32\obj\pure3d\debug\entity.sbr
d:\cpp\simpsons\game\libs\pure3d\build\win32\obj\pure3d\debug\error.sbr
d:\cpp\simpsons\game\libs\pure3d\build\win32\obj\pure3d\debug\event.sbr
d:\cpp\simpsons\game\libs\pure3d\build\win32\obj\pure3d\debug\eventanimation.sbr
d:\cpp\simpsons\game\libs\pure3d\build\win32\obj\pure3d\debug\expression.sbr
d:\cpp\simpsons\game\libs\pure3d\build\win32\obj\pure3d\debug\expressionanimation.sbr
d:\cpp\simpsons\game\libs\pure3d\build\win32\obj\pure3d\debug\expressionoffsets.sbr
d:\cpp\simpsons\game\libs\pure3d\build\win32\obj\pure3d\debug\file.sbr
d:\cpp\simpsons\game\libs\pure3d\build\win32\obj\pure3d\debug\fileftt.sbr
d:\cpp\simpsons\game\libs\pure3d\build\win32\obj\pure3d\debug\font.sbr
d:\cpp\simpsons\game\libs\pure3d\build\win32\obj\pure3d\debug\gameattr.sbr
d:\cpp\simpsons\game\libs\pure3d\build\win32\obj\pure3d\debug\geometry.sbr
d:\cpp\simpsons\game\libs\pure3d\build\win32\obj\pure3d\debug\image.sbr
d:\cpp\simpsons\game\libs\pure3d\build\win32\obj\pure3d\debug\imageconverter.sbr
d:\cpp\simpsons\game\libs\pure3d\build\win32\obj\pure3d\debug\imagefactory.sbr
d:\cpp\simpsons\game\libs\pure3d\build\win32\obj\pure3d\debug\imagefont.sbr
d:\cpp\simpsons\game\libs\pure3d\build\win32\obj\pure3d\debug\instancedgeometry.sbr
d:\cpp\simpsons\game\libs\pure3d\build\win32\obj\pure3d\debug\inventory.sbr
d:\cpp\simpsons\game\libs\pure3d\build\win32\obj\pure3d\debug\light.sbr
d:\cpp\simpsons\game\libs\pure3d\build\win32\obj\pure3d\debug\lightanimation.sbr
d:\cpp\simpsons\game\libs\pure3d\build\win32\obj\pure3d\debug\lightloader.sbr
d:\cpp\simpsons\game\libs\pure3d\build\win32\obj\pure3d\debug\lightschooser.sbr
d:\cpp\simpsons\game\libs\pure3d\build\win32\obj\pure3d\debug\loaders.sbr
d:\cpp\simpsons\game\libs\pure3d\build\win32\obj\pure3d\debug\loadmanager.sbr
d:\cpp\simpsons\game\libs\pure3d\build\win32\obj\pure3d\debug\locator.sbr
d:\cpp\simpsons\game\libs\pure3d\build\win32\obj\pure3d\debug\lzr.sbr
d:\cpp\simpsons\game\libs\pure3d\build\win32\obj\pure3d\debug\matrixstack.sbr
d:\cpp\simpsons\game\libs\pure3d\build\win32\obj\pure3d\debug\memheap.sbr
d:\cpp\simpsons\game\libs\pure3d\build\win32\obj\pure3d\debug\memory.sbr
d:\cpp\simpsons\game\libs\pure3d\build\win32\obj\pure3d\debug\memorysection.sbr
d:\cpp\simpsons\game\libs\pure3d\build\win32\obj\pure3d\debug\multicontroller.sbr
d:\cpp\simpsons\game\libs\pure3d\build\win32\obj\pure3d\debug\nodeanimation.sbr
d:\cpp\simpsons\game\libs\pure3d\build\win32\obj\pure3d\debug\optic.sbr
d:\cpp\simpsons\game\libs\pure3d\build\win32\obj\pure3d\debug\opticlensflare.sbr
d:\cpp\simpsons\game\libs\pure3d\build\win32\obj\pure3d\debug\opticloader.sbr
d:\cpp\simpsons\game\libs\pure3d\build\win32\obj\pure3d\debug\particlearray.sbr
d:\cpp\simpsons\game\libs\pure3d\build\win32\obj\pure3d\debug\particleemitter.sbr
d:\cpp\simpsons\game\libs\pure3d\build\win32\obj\pure3d\debug\particlegenerator.sbr
d:\cpp\simpsons\game\libs\pure3d\build\win32\obj\pure3d\debug\particleloader.sbr
d:\cpp\simpsons\game\libs\pure3d\build\win32\obj\pure3d\debug\particlepool.sbr
d:\cpp\simpsons\game\libs\pure3d\build\win32\obj\pure3d\debug\particlesystem.sbr
d:\cpp\simpsons\game\libs\pure3d\build\win32\obj\pure3d\debug\particletype.sbr
d:\cpp\simpsons\game\libs\pure3d\build\win32\obj\pure3d\debug\particleutility.sbr
d:\cpp\simpsons\game\libs\pure3d\build\win32\obj\pure3d\debug\plat_filemap.sbr
d:\cpp\simpsons\game\libs\pure3d\build\win32\obj\pure3d\debug\png.sbr
d:\cpp\simpsons\game\libs\pure3d\build\win32\obj\pure3d\debug\pointcamera.sbr
d:\cpp\simpsons\game\libs\pure3d\build\win32\obj\pure3d\debug\pointlight.sbr
d:\cpp\simpsons\game\libs\pure3d\build\win32\obj\pure3d\debug\polyskin.sbr
d:\cpp\simpsons\game\libs\pure3d\build\win32\obj\pure3d\debug\pose.sbr
d:\cpp\simpsons\game\libs\pure3d\build\win32\obj\pure3d\debug\poseanimation.sbr
d:\cpp\simpsons\game\libs\pure3d\build\win32\obj\pure3d\debug\primgroup.sbr
d:\cpp\simpsons\game\libs\pure3d\build\win32\obj\pure3d\debug\rawimage.sbr
d:\cpp\simpsons\game\libs\pure3d\build\win32\obj\pure3d\debug\refcounted.sbr
d:\cpp\simpsons\game\libs\pure3d\build\win32\obj\pure3d\debug\scenegraph.sbr
d:\cpp\simpsons\game\libs\pure3d\build\win32\obj\pure3d\debug\sequencer.sbr
d:\cpp\simpsons\game\libs\pure3d\build\win32\obj\pure3d\debug\shader.sbr
d:\cpp\simpsons\game\libs\pure3d\build\win32\obj\pure3d\debug\shaderanimation.sbr
d:\cpp\simpsons\game\libs\pure3d\build\win32\obj\pure3d\debug\shadow_common.sbr
d:\cpp\simpsons\game\libs\pure3d\build\win32\obj\pure3d\debug\shadow_generic.sbr
d:\cpp\simpsons\game\libs\pure3d\build\win32\obj\pure3d\debug\skeleton.sbr
d:\cpp\simpsons\game\libs\pure3d\build\win32\obj\pure3d\debug\spotlight.sbr
d:\cpp\simpsons\game\libs\pure3d\build\win32\obj\pure3d\debug\sprite.sbr
d:\cpp\simpsons\game\libs\pure3d\build\win32\obj\pure3d\debug\table.sbr
d:\cpp\simpsons\game\libs\pure3d\build\win32\obj\pure3d\debug\targa.sbr
d:\cpp\simpsons\game\libs\pure3d\build\win32\obj\pure3d\debug\textdataparser.sbr
d:\cpp\simpsons\game\libs\pure3d\build\win32\obj\pure3d\debug\textstring.sbr
d:\cpp\simpsons\game\libs\pure3d\build\win32\obj\pure3d\debug\texture.sbr
d:\cpp\simpsons\game\libs\pure3d\build\win32\obj\pure3d\debug\textureanimation.sbr
d:\cpp\simpsons\game\libs\pure3d\build\win32\obj\pure3d\debug\texturefont.sbr
d:\cpp\simpsons\game\libs\pure3d\build\win32\obj\pure3d\debug\transitionmanager.sbr
d:\cpp\simpsons\game\libs\pure3d\build\win32\obj\pure3d\debug\unicode.sbr
d:\cpp\simpsons\game\libs\pure3d\build\win32\obj\pure3d\debug\utility.sbr
d:\cpp\simpsons\game\libs\pure3d\build\win32\obj\pure3d\debug\vectorcamera.sbr
d:\cpp\simpsons\game\libs\pure3d\build\win32\obj\pure3d\debug\vertexanimcontroller.sbr
d:\cpp\simpsons\game\libs\pure3d\build\win32\obj\pure3d\debug\vertexanimkey.sbr
d:\cpp\simpsons\game\libs\pure3d\build\win32\obj\pure3d\debug\vertexanimobject.sbr
d:\cpp\simpsons\game\libs\pure3d\build\win32\obj\pure3d\debug\vertexlist.sbr
d:\cpp\simpsons\game\libs\pure3d\build\win32\obj\pure3d\debug\vertexoffsetexpression.sbr
d:\cpp\simpsons\game\libs\pure3d\build\win32\obj\pure3d\debug\view.sbr
d:\cpp\simpsons\game\libs\pure3d\build\win32\obj\pure3d\debug\visibilityanimation.sbr
d:\cpp\simpsons\game\libs\pure3d\build\win32\obj\pure3d\debug\pure3d.tlog\cl.command.1.tlog
