  ambientlight.cpp
  animate.cpp
D:\CPP\Simpsons\game\libs\pure3d\p3d\anim\animate.cpp(1461,21): warning C4996: 'sprintf': This function or variable may be unsafe. Consider using sprintf_s instead. To disable deprecation, use _CRT_SECURE_NO_WARNINGS. See online help for details.
D:\CPP\Simpsons\game\libs\pure3d\p3d\anim\animate.cpp(1541,9): warning C4996: 'sprintf': This function or variable may be unsafe. Consider using sprintf_s instead. To disable deprecation, use _CRT_SECURE_NO_WARNINGS. See online help for details.
  animatedobject.cpp
  billboardobjectanimation.cpp
  cameraanimation.cpp
  channel.cpp
  compositedrawable.cpp
  drawablepose.cpp
  event.cpp
  eventanimation.cpp
D:\CPP\Simpsons\game\libs\pure3d\p3d\anim\eventanimation.cpp(366,13): warning C4996: 'strcpy': This function or variable may be unsafe. Consider using strcpy_s instead. To disable deprecation, use _CRT_SECURE_NO_WARNINGS. See online help for details.
  expression.cpp
  expressionanimation.cpp
  expressionoffsets.cpp
  instancedgeometry.cpp
  lightanimation.cpp
  multicontroller.cpp
  polyskin.cpp
D:\CPP\Simpsons\game\libs\pure3d\p3d\anim\polyskin.cpp(248,9): warning C4996: 'strcpy': This function or variable may be unsafe. Consider using strcpy_s instead. To disable deprecation, use _CRT_SECURE_NO_WARNINGS. See online help for details.
D:\CPP\Simpsons\game\libs\pure3d\p3d\anim\polyskin.cpp(249,9): warning C4996: 'strcat': This function or variable may be unsafe. Consider using strcat_s instead. To disable deprecation, use _CRT_SECURE_NO_WARNINGS. See online help for details.
  pose.cpp
  poseanimation.cpp
  sequencer.cpp
  Generating Code...
  Compiling...
  shaderanimation.cpp
  skeleton.cpp
  textureanimation.cpp
  vertexanimcontroller.cpp
  vertexanimkey.cpp
  vertexanimobject.cpp
  vertexoffsetexpression.cpp
  visibilityanimation.cpp
  billboardobject.cpp
  bmp.cpp
D:\CPP\Simpsons\game\libs\pure3d\p3d\bmp.cpp(68,9): warning C4996: 'sprintf': This function or variable may be unsafe. Consider using sprintf_s instead. To disable deprecation, use _CRT_SECURE_NO_WARNINGS. See online help for details.
D:\CPP\Simpsons\game\libs\pure3d\p3d\bmp.cpp(78,9): warning C4996: 'sprintf': This function or variable may be unsafe. Consider using sprintf_s instead. To disable deprecation, use _CRT_SECURE_NO_WARNINGS. See online help for details.
  camera.cpp
  cameraloader.cpp
  chunkfile.cpp
  context.cpp
  debugdraw.cpp
  directionallight.cpp
  displaylist.cpp
  drawable.cpp
  dxtn.cpp
  effect.cpp
  Generating Code...
  Compiling...
  optic.cpp
  opticlensflare.cpp
  opticloader.cpp
  particlearray.cpp
  particleemitter.cpp
  particlegenerator.cpp
  particleloader.cpp
  particlepool.cpp
  particlesystem.cpp
  particletype.cpp
  particleutility.cpp
  transitionmanager.cpp
  entity.cpp
D:\CPP\Simpsons\game\libs\pure3d\p3d\entity.cpp(109,9): warning C4996: 'strcpy': This function or variable may be unsafe. Consider using strcpy_s instead. To disable deprecation, use _CRT_SECURE_NO_WARNINGS. See online help for details.
  error.cpp
D:\CPP\Simpsons\game\libs\pure3d\p3d\error.cpp(58,18): warning C4996: 'strcat': This function or variable may be unsafe. Consider using strcat_s instead. To disable deprecation, use _CRT_SECURE_NO_WARNINGS. See online help for details.
D:\CPP\Simpsons\game\libs\pure3d\p3d\error.cpp(59,18): warning C4996: 'strcat': This function or variable may be unsafe. Consider using strcat_s instead. To disable deprecation, use _CRT_SECURE_NO_WARNINGS. See online help for details.
D:\CPP\Simpsons\game\libs\pure3d\p3d\error.cpp(60,18): warning C4996: 'strcat': This function or variable may be unsafe. Consider using strcat_s instead. To disable deprecation, use _CRT_SECURE_NO_WARNINGS. See online help for details.
D:\CPP\Simpsons\game\libs\pure3d\p3d\error.cpp(61,18): warning C4996: 'strcat': This function or variable may be unsafe. Consider using strcat_s instead. To disable deprecation, use _CRT_SECURE_NO_WARNINGS. See online help for details.
D:\CPP\Simpsons\game\libs\pure3d\p3d\error.cpp(62,18): warning C4996: 'strcat': This function or variable may be unsafe. Consider using strcat_s instead. To disable deprecation, use _CRT_SECURE_NO_WARNINGS. See online help for details.
D:\CPP\Simpsons\game\libs\pure3d\p3d\error.cpp(63,9): warning C4996: 'strcat': This function or variable may be unsafe. Consider using strcat_s instead. To disable deprecation, use _CRT_SECURE_NO_WARNINGS. See online help for details.
  file.cpp
D:\CPP\Simpsons\game\libs\pure3d\p3d\file.cpp(32,5): warning C4996: 'strcpy': This function or variable may be unsafe. Consider using strcpy_s instead. To disable deprecation, use _CRT_SECURE_NO_WARNINGS. See online help for details.
  fileftt.cpp
D:\CPP\Simpsons\game\libs\pure3d\p3d\fileftt.cpp(160,23): warning C4244: 'initializing': conversion from 'radTime64' to 'unsigned int', possible loss of data
D:\CPP\Simpsons\game\libs\pure3d\p3d\fileftt.cpp(169,42): warning C4244: '=': conversion from 'radTime64' to 'unsigned int', possible loss of data
  font.cpp
  gameattr.cpp
  geometry.cpp
  image.cpp
  Generating Code...
  Compiling...
  imageconverter.cpp
  imagefactory.cpp
D:\CPP\Simpsons\game\libs\pure3d\p3d\imagefactory.cpp(524,8): warning C4996: 'strcmpi': The POSIX name for this item is deprecated. Instead, use the ISO C and C++ conformant name: _strcmpi. See online help for details.
D:\CPP\Simpsons\game\libs\pure3d\p3d\imagefactory.cpp(535,9): warning C4996: 'strcpy': This function or variable may be unsafe. Consider using strcpy_s instead. To disable deprecation, use _CRT_SECURE_NO_WARNINGS. See online help for details.
D:\CPP\Simpsons\game\libs\pure3d\p3d\imagefactory.cpp(539,9): warning C4996: 'strcpy': This function or variable may be unsafe. Consider using strcpy_s instead. To disable deprecation, use _CRT_SECURE_NO_WARNINGS. See online help for details.
  imagefont.cpp
  inventory.cpp
  light.cpp
  lightloader.cpp
  lightschooser.cpp
  loaders.cpp
  loadmanager.cpp
D:\CPP\Simpsons\game\libs\pure3d\p3d\loadmanager.cpp(122,5): warning C4996: 'strcpy': This function or variable may be unsafe. Consider using strcpy_s instead. To disable deprecation, use _CRT_SECURE_NO_WARNINGS. See online help for details.
D:\CPP\Simpsons\game\libs\pure3d\p3d\loadmanager.cpp(144,16): warning C4996: 'strcmpi': The POSIX name for this item is deprecated. Instead, use the ISO C and C++ conformant name: _strcmpi. See online help for details.
D:\CPP\Simpsons\game\libs\pure3d\p3d\loadmanager.cpp(151,14): warning C4996: 'strcmpi': The POSIX name for this item is deprecated. Instead, use the ISO C and C++ conformant name: _strcmpi. See online help for details.
D:\CPP\Simpsons\game\libs\pure3d\p3d\loadmanager.cpp(270,5): warning C4996: 'strcpy': This function or variable may be unsafe. Consider using strcpy_s instead. To disable deprecation, use _CRT_SECURE_NO_WARNINGS. See online help for details.
D:\CPP\Simpsons\game\libs\pure3d\p3d\loadmanager.cpp(346,5): warning C4996: 'strcpy': This function or variable may be unsafe. Consider using strcpy_s instead. To disable deprecation, use _CRT_SECURE_NO_WARNINGS. See online help for details.
D:\CPP\Simpsons\game\libs\pure3d\p3d\loadmanager.cpp(371,9): warning C4996: 'strcpy': This function or variable may be unsafe. Consider using strcpy_s instead. To disable deprecation, use _CRT_SECURE_NO_WARNINGS. See online help for details.
  locator.cpp
  lzr.cpp
  matrixstack.cpp
  memheap.cpp
  memory.cpp
  memorysection.cpp
  platform.cpp
D:\CPP\Simpsons\game\libs\pure3d\p3d\platform\win32\platform.cpp(13,10): error C1083: Cannot open include file: 'fstream.h': No such file or directory
  plat_filemap.cpp
D:\CPP\Simpsons\game\libs\pure3d\p3d\platform\win32\plat_filemap.cpp(35,14): warning C4996: '_open': This function or variable may be unsafe. Consider using _sopen_s instead. To disable deprecation, use _CRT_SECURE_NO_WARNINGS. See online help for details.
D:\CPP\Simpsons\game\libs\pure3d\p3d\platform\win32\plat_filemap.cpp(94,14): warning C4996: '_open': This function or variable may be unsafe. Consider using _sopen_s instead. To disable deprecation, use _CRT_SECURE_NO_WARNINGS. See online help for details.
  png.cpp
  pointcamera.cpp
  pointlight.cpp
  Generating Code...
  Compiling...
  primgroup.cpp
  rawimage.cpp
  refcounted.cpp
  nodeanimation.cpp
  scenegraph.cpp
  shader.cpp
D:\CPP\Simpsons\game\libs\pure3d\p3d\shader.cpp(68,5): warning C4996: 'strncpy': This function or variable may be unsafe. Consider using strncpy_s instead. To disable deprecation, use _CRT_SECURE_NO_WARNINGS. See online help for details.
D:\CPP\Simpsons\game\libs\pure3d\p3d\shader.cpp(75,9): warning C4996: 'sprintf': This function or variable may be unsafe. Consider using sprintf_s instead. To disable deprecation, use _CRT_SECURE_NO_WARNINGS. See online help for details.
D:\CPP\Simpsons\game\libs\pure3d\p3d\shader.cpp(85,9): warning C4996: 'sprintf': This function or variable may be unsafe. Consider using sprintf_s instead. To disable deprecation, use _CRT_SECURE_NO_WARNINGS. See online help for details.
  shadow_common.cpp
  shadow_generic.cpp
  spotlight.cpp
  sprite.cpp
  table.cpp
  targa.cpp
D:\CPP\Simpsons\game\libs\pure3d\p3d\targa.cpp(205,9): warning C4996: 'sprintf': This function or variable may be unsafe. Consider using sprintf_s instead. To disable deprecation, use _CRT_SECURE_NO_WARNINGS. See online help for details.
D:\CPP\Simpsons\game\libs\pure3d\p3d\targa.cpp(214,9): warning C4996: 'sprintf': This function or variable may be unsafe. Consider using sprintf_s instead. To disable deprecation, use _CRT_SECURE_NO_WARNINGS. See online help for details.
D:\CPP\Simpsons\game\libs\pure3d\p3d\targa.cpp(224,9): warning C4996: 'sprintf': This function or variable may be unsafe. Consider using sprintf_s instead. To disable deprecation, use _CRT_SECURE_NO_WARNINGS. See online help for details.
D:\CPP\Simpsons\game\libs\pure3d\p3d\targa.cpp(233,9): warning C4996: 'sprintf': This function or variable may be unsafe. Consider using sprintf_s instead. To disable deprecation, use _CRT_SECURE_NO_WARNINGS. See online help for details.
D:\CPP\Simpsons\game\libs\pure3d\p3d\targa.cpp(255,18): warning C4996: 'fopen': This function or variable may be unsafe. Consider using fopen_s instead. To disable deprecation, use _CRT_SECURE_NO_WARNINGS. See online help for details.
  textdataparser.cpp
  textstring.cpp
  texture.cpp
  texturefont.cpp
  unicode.cpp
  utility.cpp
D:\CPP\Simpsons\game\libs\pure3d\p3d\utility.cpp(38,5): warning C4996: 'strcpy': This function or variable may be unsafe. Consider using strcpy_s instead. To disable deprecation, use _CRT_SECURE_NO_WARNINGS. See online help for details.
D:\CPP\Simpsons\game\libs\pure3d\p3d\utility.cpp(85,9): warning C4996: 'strcpy': This function or variable may be unsafe. Consider using strcpy_s instead. To disable deprecation, use _CRT_SECURE_NO_WARNINGS. See online help for details.
D:\CPP\Simpsons\game\libs\pure3d\p3d\utility.cpp(128,5): warning C4996: '_vsnprintf': This function or variable may be unsafe. Consider using _vsnprintf_s instead. To disable deprecation, use _CRT_SECURE_NO_WARNINGS. See online help for details.
  vectorcamera.cpp
  vertexlist.cpp
  Generating Code...
  Compiling...
  view.cpp
  Generating Code...
