d:\cpp\simpsons\game\libs\sim\build\win32\debug\sim.bsc
d:\cpp\simpsons\game\libs\sim\build\win32\debug\sim.pdb
d:\cpp\simpsons\game\libs\sim\build\win32\debug\sim.idb
d:\cpp\simpsons\game\libs\sim\build\win32\debug\collision.sbr
d:\cpp\simpsons\game\libs\sim\build\win32\debug\collisionanalyser.sbr
d:\cpp\simpsons\game\libs\sim\build\win32\debug\collisionanalyserdata.sbr
d:\cpp\simpsons\game\libs\sim\build\win32\debug\collisionanalyserdatauid.sbr
d:\cpp\simpsons\game\libs\sim\build\win32\debug\collisionanalyserevent.sbr
d:\cpp\simpsons\game\libs\sim\build\win32\debug\collisionanalyserinfo.sbr
d:\cpp\simpsons\game\libs\sim\build\win32\debug\collisionanalysertranslator.sbr
d:\cpp\simpsons\game\libs\sim\build\win32\debug\collisiondetector.sbr
d:\cpp\simpsons\game\libs\sim\build\win32\debug\collisiondisplay.sbr
d:\cpp\simpsons\game\libs\sim\build\win32\debug\collisionmanager.sbr
d:\cpp\simpsons\game\libs\sim\build\win32\debug\collisionobject.sbr
d:\cpp\simpsons\game\libs\sim\build\win32\debug\collisionvolume.sbr
d:\cpp\simpsons\game\libs\sim\build\win32\debug\impulsebasedcollisionsolver.sbr
d:\cpp\simpsons\game\libs\sim\build\win32\debug\proximitydetection.sbr
d:\cpp\simpsons\game\libs\sim\build\win32\debug\subcollisiondetector.sbr
d:\cpp\simpsons\game\libs\sim\build\win32\debug\arraymath.sbr
d:\cpp\simpsons\game\libs\sim\build\win32\debug\dline2.sbr
d:\cpp\simpsons\game\libs\sim\build\win32\debug\impulselink.sbr
d:\cpp\simpsons\game\libs\sim\build\win32\debug\kalmann.sbr
d:\cpp\simpsons\game\libs\sim\build\win32\debug\largesymmetricmatrix.sbr
d:\cpp\simpsons\game\libs\sim\build\win32\debug\largesymmetricmatrix.obj
d:\cpp\simpsons\game\libs\sim\build\win32\debug\kalmann.obj
d:\cpp\simpsons\game\libs\sim\build\win32\debug\impulselink.obj
d:\cpp\simpsons\game\libs\sim\build\win32\debug\dline2.obj
d:\cpp\simpsons\game\libs\sim\build\win32\debug\arraymath.obj
d:\cpp\simpsons\game\libs\sim\build\win32\debug\subcollisiondetector.obj
d:\cpp\simpsons\game\libs\sim\build\win32\debug\proximitydetection.obj
d:\cpp\simpsons\game\libs\sim\build\win32\debug\impulsebasedcollisionsolver.obj
d:\cpp\simpsons\game\libs\sim\build\win32\debug\collisionvolume.obj
d:\cpp\simpsons\game\libs\sim\build\win32\debug\collisionobject.obj
d:\cpp\simpsons\game\libs\sim\build\win32\debug\collisionmanager.obj
d:\cpp\simpsons\game\libs\sim\build\win32\debug\collisiondisplay.obj
d:\cpp\simpsons\game\libs\sim\build\win32\debug\collisiondetector.obj
d:\cpp\simpsons\game\libs\sim\build\win32\debug\collisionanalysertranslator.obj
d:\cpp\simpsons\game\libs\sim\build\win32\debug\collisionanalyserinfo.obj
d:\cpp\simpsons\game\libs\sim\build\win32\debug\collisionanalyserevent.obj
d:\cpp\simpsons\game\libs\sim\build\win32\debug\collisionanalyserdatauid.obj
d:\cpp\simpsons\game\libs\sim\build\win32\debug\collisionanalyserdata.obj
d:\cpp\simpsons\game\libs\sim\build\win32\debug\collisionanalyser.obj
d:\cpp\simpsons\game\libs\sim\build\win32\debug\collision.obj
d:\cpp\simpsons\game\libs\sim\build\win32\debug\physicsproperties.sbr
d:\cpp\simpsons\game\libs\sim\build\win32\debug\sbmatrix.sbr
d:\cpp\simpsons\game\libs\sim\build\win32\debug\simconstraint.sbr
d:\cpp\simpsons\game\libs\sim\build\win32\debug\simenvironment.sbr
d:\cpp\simpsons\game\libs\sim\build\win32\debug\simmath.sbr
d:\cpp\simpsons\game\libs\sim\build\win32\debug\simstate.sbr
d:\cpp\simpsons\game\libs\sim\build\win32\debug\simstatearticulated.sbr
d:\cpp\simpsons\game\libs\sim\build\win32\debug\simstateflexible.sbr
d:\cpp\simpsons\game\libs\sim\build\win32\debug\simstatetarget.sbr
d:\cpp\simpsons\game\libs\sim\build\win32\debug\simtarget.sbr
d:\cpp\simpsons\game\libs\sim\build\win32\debug\simulatedobject.sbr
d:\cpp\simpsons\game\libs\sim\build\win32\debug\simutility.sbr
d:\cpp\simpsons\game\libs\sim\build\win32\debug\skeletoninfo.sbr
d:\cpp\simpsons\game\libs\sim\build\win32\debug\symmatrix.sbr
d:\cpp\simpsons\game\libs\sim\build\win32\debug\tlist.sbr
d:\cpp\simpsons\game\libs\sim\build\win32\debug\trackerjointmodifier.sbr
d:\cpp\simpsons\game\libs\sim\build\win32\debug\trajectoryextrapolator.sbr
d:\cpp\simpsons\game\libs\sim\build\win32\debug\articulatedphysicsobject.sbr
d:\cpp\simpsons\game\libs\sim\build\win32\debug\physicsjoint.sbr
d:\cpp\simpsons\game\libs\sim\build\win32\debug\physicsobject.sbr
d:\cpp\simpsons\game\libs\sim\build\win32\debug\physicsobject.obj
d:\cpp\simpsons\game\libs\sim\build\win32\debug\physicsjoint.obj
d:\cpp\simpsons\game\libs\sim\build\win32\debug\articulatedphysicsobject.obj
d:\cpp\simpsons\game\libs\sim\build\win32\debug\trajectoryextrapolator.obj
d:\cpp\simpsons\game\libs\sim\build\win32\debug\trackerjointmodifier.obj
d:\cpp\simpsons\game\libs\sim\build\win32\debug\tlist.obj
d:\cpp\simpsons\game\libs\sim\build\win32\debug\symmatrix.obj
d:\cpp\simpsons\game\libs\sim\build\win32\debug\skeletoninfo.obj
d:\cpp\simpsons\game\libs\sim\build\win32\debug\simutility.obj
d:\cpp\simpsons\game\libs\sim\build\win32\debug\simulatedobject.obj
d:\cpp\simpsons\game\libs\sim\build\win32\debug\simtarget.obj
d:\cpp\simpsons\game\libs\sim\build\win32\debug\simstatetarget.obj
d:\cpp\simpsons\game\libs\sim\build\win32\debug\simstateflexible.obj
d:\cpp\simpsons\game\libs\sim\build\win32\debug\simstatearticulated.obj
d:\cpp\simpsons\game\libs\sim\build\win32\debug\simstate.obj
d:\cpp\simpsons\game\libs\sim\build\win32\debug\simmath.obj
d:\cpp\simpsons\game\libs\sim\build\win32\debug\simenvironment.obj
d:\cpp\simpsons\game\libs\sim\build\win32\debug\simconstraint.obj
d:\cpp\simpsons\game\libs\sim\build\win32\debug\sbmatrix.obj
d:\cpp\simpsons\game\libs\sim\build\win32\debug\physicsproperties.obj
d:\cpp\simpsons\game\libs\sim\build\win32\debug\restingdetector.sbr
d:\cpp\simpsons\game\libs\sim\build\win32\debug\virtualcm.sbr
d:\cpp\simpsons\game\libs\sim\build\win32\debug\virtualcm.obj
d:\cpp\simpsons\game\libs\sim\build\win32\debug\restingdetector.obj
d:\cpp\simpsons\game\libs\sim\lib\simwd.lib
d:\cpp\simpsons\game\libs\sim\build\win32\debug\sim.tlog\bscmake.command.1.tlog
d:\cpp\simpsons\game\libs\sim\build\win32\debug\sim.tlog\bscmake.read.1.tlog
d:\cpp\simpsons\game\libs\sim\build\win32\debug\sim.tlog\bscmake.write.1.tlog
d:\cpp\simpsons\game\libs\sim\build\win32\debug\sim.tlog\cl.command.1.tlog
d:\cpp\simpsons\game\libs\sim\build\win32\debug\sim.tlog\cl.items.tlog
d:\cpp\simpsons\game\libs\sim\build\win32\debug\sim.tlog\cl.read.1.tlog
d:\cpp\simpsons\game\libs\sim\build\win32\debug\sim.tlog\cl.write.1.tlog
d:\cpp\simpsons\game\libs\sim\build\win32\debug\sim.tlog\lib-link.read.1.tlog
d:\cpp\simpsons\game\libs\sim\build\win32\debug\sim.tlog\lib-link.write.1.tlog
d:\cpp\simpsons\game\libs\sim\build\win32\debug\sim.tlog\lib.command.1.tlog
